[0.443s] Invoking command in '/home/shoma/ur_ws/build/ur': AMENT_PREFIX_PATH=/home/shoma/ur_ws/install/ur_calibration:/home/shoma/ur_ws/install/ur_robot_driver:/home/shoma/ur_ws/install/ur_moveit_config:/home/shoma/ur_ws/install/ur_controllers:/home/shoma/ur_ws/install/ur_description:/home/shoma/ur_ws/install/ur_dashboard_msgs:${AMENT_PREFIX_PATH} CMAKE_PREFIX_PATH=/home/shoma/ur_ws/install/ur_calibration:/home/shoma/ur_ws/install/ur_robot_driver:/home/shoma/ur_ws/install/ur_moveit_config:/home/shoma/ur_ws/install/ur_controllers:/home/shoma/ur_ws/install/ur_description:/home/shoma/ur_ws/install/ur_dashboard_msgs:/home/shoma/ros2_ws/install/person_msgs:/home/shoma/ros2_ws/install/cpp_parameters:/home/shoma/ros2_ws/install/mypkg:/opt/ros/humble LD_LIBRARY_PATH=/home/shoma/ur_ws/install/ur_robot_driver/lib:/home/shoma/ur_ws/install/ur_controllers/lib:/home/shoma/ur_ws/install/ur_dashboard_msgs/lib:${LD_LIBRARY_PATH} PATH=/home/shoma/ur_ws/install/ur_robot_driver/bin:${PATH} PYTHONPATH=/home/shoma/ur_ws/install/ur_robot_driver/local/lib/python3.10/dist-packages:/home/shoma/ur_ws/install/ur_moveit_config/local/lib/python3.10/dist-packages:/home/shoma/ur_ws/install/ur_dashboard_msgs/local/lib/python3.10/dist-packages:${PYTHONPATH} /usr/bin/cmake /home/shoma/ur_ws/src/Universal_Robots_ROS2_Driver/ur -DCMAKE_BUILD_TYPE=Release -DCMAKE_INSTALL_PREFIX=/home/shoma/ur_ws/install/ur
[0.576s] -- The C compiler identification is GNU 11.4.0
[1.030s] -- The CXX compiler identification is GNU 11.4.0
[1.371s] -- Detecting C compiler ABI info
[1.510s] -- Detecting C compiler ABI info - done
[1.515s] -- Check for working C compiler: /usr/bin/cc - skipped
[1.515s] -- Detecting C compile features
[1.516s] -- Detecting C compile features - done
[1.518s] -- Detecting CXX compiler ABI info
[1.670s] -- Detecting CXX compiler ABI info - done
[1.675s] -- Check for working CXX compiler: /usr/bin/c++ - skipped
[1.676s] -- Detecting CXX compile features
[1.676s] -- Detecting CXX compile features - done
[1.680s] -- Found ament_cmake: 1.3.10 (/opt/ros/humble/share/ament_cmake/cmake)
[1.825s] -- Found Python3: /usr/bin/python3 (found version "3.10.12") found components: Interpreter 
[1.927s] -- Found ament_lint_auto: 0.12.11 (/opt/ros/humble/share/ament_lint_auto/cmake)
[2.011s] -- Added test 'lint_cmake' to check CMake code style
[2.012s] -- Added test 'xmllint' to check XML markup files
[2.015s] -- Configuring done
[2.022s] -- Generating done
[2.023s] -- Build files have been written to: /home/shoma/ur_ws/build/ur
[2.029s] Invoked command in '/home/shoma/ur_ws/build/ur' returned '0': AMENT_PREFIX_PATH=/home/shoma/ur_ws/install/ur_calibration:/home/shoma/ur_ws/install/ur_robot_driver:/home/shoma/ur_ws/install/ur_moveit_config:/home/shoma/ur_ws/install/ur_controllers:/home/shoma/ur_ws/install/ur_description:/home/shoma/ur_ws/install/ur_dashboard_msgs:${AMENT_PREFIX_PATH} CMAKE_PREFIX_PATH=/home/shoma/ur_ws/install/ur_calibration:/home/shoma/ur_ws/install/ur_robot_driver:/home/shoma/ur_ws/install/ur_moveit_config:/home/shoma/ur_ws/install/ur_controllers:/home/shoma/ur_ws/install/ur_description:/home/shoma/ur_ws/install/ur_dashboard_msgs:/home/shoma/ros2_ws/install/person_msgs:/home/shoma/ros2_ws/install/cpp_parameters:/home/shoma/ros2_ws/install/mypkg:/opt/ros/humble LD_LIBRARY_PATH=/home/shoma/ur_ws/install/ur_robot_driver/lib:/home/shoma/ur_ws/install/ur_controllers/lib:/home/shoma/ur_ws/install/ur_dashboard_msgs/lib:${LD_LIBRARY_PATH} PATH=/home/shoma/ur_ws/install/ur_robot_driver/bin:${PATH} PYTHONPATH=/home/shoma/ur_ws/install/ur_robot_driver/local/lib/python3.10/dist-packages:/home/shoma/ur_ws/install/ur_moveit_config/local/lib/python3.10/dist-packages:/home/shoma/ur_ws/install/ur_dashboard_msgs/local/lib/python3.10/dist-packages:${PYTHONPATH} /usr/bin/cmake /home/shoma/ur_ws/src/Universal_Robots_ROS2_Driver/ur -DCMAKE_BUILD_TYPE=Release -DCMAKE_INSTALL_PREFIX=/home/shoma/ur_ws/install/ur
[2.031s] Invoking command in '/home/shoma/ur_ws/build/ur': AMENT_PREFIX_PATH=/home/shoma/ur_ws/install/ur_calibration:/home/shoma/ur_ws/install/ur_robot_driver:/home/shoma/ur_ws/install/ur_moveit_config:/home/shoma/ur_ws/install/ur_controllers:/home/shoma/ur_ws/install/ur_description:/home/shoma/ur_ws/install/ur_dashboard_msgs:${AMENT_PREFIX_PATH} CMAKE_PREFIX_PATH=/home/shoma/ur_ws/install/ur_calibration:/home/shoma/ur_ws/install/ur_robot_driver:/home/shoma/ur_ws/install/ur_moveit_config:/home/shoma/ur_ws/install/ur_controllers:/home/shoma/ur_ws/install/ur_description:/home/shoma/ur_ws/install/ur_dashboard_msgs:/home/shoma/ros2_ws/install/person_msgs:/home/shoma/ros2_ws/install/cpp_parameters:/home/shoma/ros2_ws/install/mypkg:/opt/ros/humble LD_LIBRARY_PATH=/home/shoma/ur_ws/install/ur_robot_driver/lib:/home/shoma/ur_ws/install/ur_controllers/lib:/home/shoma/ur_ws/install/ur_dashboard_msgs/lib:${LD_LIBRARY_PATH} PATH=/home/shoma/ur_ws/install/ur_robot_driver/bin:${PATH} PYTHONPATH=/home/shoma/ur_ws/install/ur_robot_driver/local/lib/python3.10/dist-packages:/home/shoma/ur_ws/install/ur_moveit_config/local/lib/python3.10/dist-packages:/home/shoma/ur_ws/install/ur_dashboard_msgs/local/lib/python3.10/dist-packages:${PYTHONPATH} /usr/bin/cmake --build /home/shoma/ur_ws/build/ur -- -j16 -l16
[2.065s] Invoked command in '/home/shoma/ur_ws/build/ur' returned '0': AMENT_PREFIX_PATH=/home/shoma/ur_ws/install/ur_calibration:/home/shoma/ur_ws/install/ur_robot_driver:/home/shoma/ur_ws/install/ur_moveit_config:/home/shoma/ur_ws/install/ur_controllers:/home/shoma/ur_ws/install/ur_description:/home/shoma/ur_ws/install/ur_dashboard_msgs:${AMENT_PREFIX_PATH} CMAKE_PREFIX_PATH=/home/shoma/ur_ws/install/ur_calibration:/home/shoma/ur_ws/install/ur_robot_driver:/home/shoma/ur_ws/install/ur_moveit_config:/home/shoma/ur_ws/install/ur_controllers:/home/shoma/ur_ws/install/ur_description:/home/shoma/ur_ws/install/ur_dashboard_msgs:/home/shoma/ros2_ws/install/person_msgs:/home/shoma/ros2_ws/install/cpp_parameters:/home/shoma/ros2_ws/install/mypkg:/opt/ros/humble LD_LIBRARY_PATH=/home/shoma/ur_ws/install/ur_robot_driver/lib:/home/shoma/ur_ws/install/ur_controllers/lib:/home/shoma/ur_ws/install/ur_dashboard_msgs/lib:${LD_LIBRARY_PATH} PATH=/home/shoma/ur_ws/install/ur_robot_driver/bin:${PATH} PYTHONPATH=/home/shoma/ur_ws/install/ur_robot_driver/local/lib/python3.10/dist-packages:/home/shoma/ur_ws/install/ur_moveit_config/local/lib/python3.10/dist-packages:/home/shoma/ur_ws/install/ur_dashboard_msgs/local/lib/python3.10/dist-packages:${PYTHONPATH} /usr/bin/cmake --build /home/shoma/ur_ws/build/ur -- -j16 -l16
[2.092s] Invoking command in '/home/shoma/ur_ws/build/ur': AMENT_PREFIX_PATH=/home/shoma/ur_ws/install/ur_calibration:/home/shoma/ur_ws/install/ur_robot_driver:/home/shoma/ur_ws/install/ur_moveit_config:/home/shoma/ur_ws/install/ur_controllers:/home/shoma/ur_ws/install/ur_description:/home/shoma/ur_ws/install/ur_dashboard_msgs:${AMENT_PREFIX_PATH} CMAKE_PREFIX_PATH=/home/shoma/ur_ws/install/ur_calibration:/home/shoma/ur_ws/install/ur_robot_driver:/home/shoma/ur_ws/install/ur_moveit_config:/home/shoma/ur_ws/install/ur_controllers:/home/shoma/ur_ws/install/ur_description:/home/shoma/ur_ws/install/ur_dashboard_msgs:/home/shoma/ros2_ws/install/person_msgs:/home/shoma/ros2_ws/install/cpp_parameters:/home/shoma/ros2_ws/install/mypkg:/opt/ros/humble LD_LIBRARY_PATH=/home/shoma/ur_ws/install/ur_robot_driver/lib:/home/shoma/ur_ws/install/ur_controllers/lib:/home/shoma/ur_ws/install/ur_dashboard_msgs/lib:${LD_LIBRARY_PATH} PATH=/home/shoma/ur_ws/install/ur_robot_driver/bin:${PATH} PYTHONPATH=/home/shoma/ur_ws/install/ur_robot_driver/local/lib/python3.10/dist-packages:/home/shoma/ur_ws/install/ur_moveit_config/local/lib/python3.10/dist-packages:/home/shoma/ur_ws/install/ur_dashboard_msgs/local/lib/python3.10/dist-packages:${PYTHONPATH} /usr/bin/cmake --install /home/shoma/ur_ws/build/ur
[2.099s] -- Install configuration: "Release"
[2.100s] -- Installing: /home/shoma/ur_ws/install/ur/share/ament_index/resource_index/package_run_dependencies/ur
[2.100s] -- Installing: /home/shoma/ur_ws/install/ur/share/ament_index/resource_index/parent_prefix_path/ur
[2.101s] -- Installing: /home/shoma/ur_ws/install/ur/share/ur/environment/ament_prefix_path.sh
[2.101s] -- Installing: /home/shoma/ur_ws/install/ur/share/ur/environment/ament_prefix_path.dsv
[2.101s] -- Installing: /home/shoma/ur_ws/install/ur/share/ur/environment/path.sh
[2.101s] -- Installing: /home/shoma/ur_ws/install/ur/share/ur/environment/path.dsv
[2.102s] -- Installing: /home/shoma/ur_ws/install/ur/share/ur/local_setup.bash
[2.102s] -- Installing: /home/shoma/ur_ws/install/ur/share/ur/local_setup.sh
[2.102s] -- Installing: /home/shoma/ur_ws/install/ur/share/ur/local_setup.zsh
[2.102s] -- Installing: /home/shoma/ur_ws/install/ur/share/ur/local_setup.dsv
[2.102s] -- Installing: /home/shoma/ur_ws/install/ur/share/ur/package.dsv
[2.103s] -- Installing: /home/shoma/ur_ws/install/ur/share/ament_index/resource_index/packages/ur
[2.103s] -- Installing: /home/shoma/ur_ws/install/ur/share/ur/cmake/urConfig.cmake
[2.104s] -- Installing: /home/shoma/ur_ws/install/ur/share/ur/cmake/urConfig-version.cmake
[2.104s] -- Installing: /home/shoma/ur_ws/install/ur/share/ur/package.xml
[2.106s] Invoked command in '/home/shoma/ur_ws/build/ur' returned '0': AMENT_PREFIX_PATH=/home/shoma/ur_ws/install/ur_calibration:/home/shoma/ur_ws/install/ur_robot_driver:/home/shoma/ur_ws/install/ur_moveit_config:/home/shoma/ur_ws/install/ur_controllers:/home/shoma/ur_ws/install/ur_description:/home/shoma/ur_ws/install/ur_dashboard_msgs:${AMENT_PREFIX_PATH} CMAKE_PREFIX_PATH=/home/shoma/ur_ws/install/ur_calibration:/home/shoma/ur_ws/install/ur_robot_driver:/home/shoma/ur_ws/install/ur_moveit_config:/home/shoma/ur_ws/install/ur_controllers:/home/shoma/ur_ws/install/ur_description:/home/shoma/ur_ws/install/ur_dashboard_msgs:/home/shoma/ros2_ws/install/person_msgs:/home/shoma/ros2_ws/install/cpp_parameters:/home/shoma/ros2_ws/install/mypkg:/opt/ros/humble LD_LIBRARY_PATH=/home/shoma/ur_ws/install/ur_robot_driver/lib:/home/shoma/ur_ws/install/ur_controllers/lib:/home/shoma/ur_ws/install/ur_dashboard_msgs/lib:${LD_LIBRARY_PATH} PATH=/home/shoma/ur_ws/install/ur_robot_driver/bin:${PATH} PYTHONPATH=/home/shoma/ur_ws/install/ur_robot_driver/local/lib/python3.10/dist-packages:/home/shoma/ur_ws/install/ur_moveit_config/local/lib/python3.10/dist-packages:/home/shoma/ur_ws/install/ur_dashboard_msgs/local/lib/python3.10/dist-packages:${PYTHONPATH} /usr/bin/cmake --install /home/shoma/ur_ws/build/ur
