[0.176s] Invoking command in '/home/shoma/ur_ws/build/ur_bringup': CMAKE_PREFIX_PATH=/home/shoma/ur_ws/install/ur_controllers:/home/shoma/ur_ws/install/ur_description:/home/shoma/ur_ws/install/ur_dashboard_msgs:/home/shoma/ur_ws/install/ur:/home/shoma/ur_ws/install/ur_calibration:/home/shoma/ur_ws/install/ur_robot_driver:/home/shoma/ur_ws/install/ur_moveit_config:/home/shoma/ur_ws/install/ur_bringup:/home/shoma/ros2_ws/install/person_msgs:/home/shoma/ros2_ws/install/cpp_parameters:/home/shoma/ros2_ws/install/mypkg:/opt/ros/humble LD_LIBRARY_PATH=/home/shoma/ur_ws/install/ur_controllers/lib:/home/shoma/ur_ws/install/ur_dashboard_msgs/lib:/home/shoma/ur_ws/install/ur_robot_driver/lib:/home/shoma/ros2_ws/install/person_msgs/lib:/usr/lib/x86_64-linux-gnu/gazebo-11/plugins:/opt/ros/humble/opt/rviz_ogre_vendor/lib:/opt/ros/humble/lib/x86_64-linux-gnu:/opt/ros/humble/lib /usr/bin/cmake --build /home/shoma/ur_ws/build/ur_bringup -- -j16 -l16
[0.211s] Invoked command in '/home/shoma/ur_ws/build/ur_bringup' returned '0': CMAKE_PREFIX_PATH=/home/shoma/ur_ws/install/ur_controllers:/home/shoma/ur_ws/install/ur_description:/home/shoma/ur_ws/install/ur_dashboard_msgs:/home/shoma/ur_ws/install/ur:/home/shoma/ur_ws/install/ur_calibration:/home/shoma/ur_ws/install/ur_robot_driver:/home/shoma/ur_ws/install/ur_moveit_config:/home/shoma/ur_ws/install/ur_bringup:/home/shoma/ros2_ws/install/person_msgs:/home/shoma/ros2_ws/install/cpp_parameters:/home/shoma/ros2_ws/install/mypkg:/opt/ros/humble LD_LIBRARY_PATH=/home/shoma/ur_ws/install/ur_controllers/lib:/home/shoma/ur_ws/install/ur_dashboard_msgs/lib:/home/shoma/ur_ws/install/ur_robot_driver/lib:/home/shoma/ros2_ws/install/person_msgs/lib:/usr/lib/x86_64-linux-gnu/gazebo-11/plugins:/opt/ros/humble/opt/rviz_ogre_vendor/lib:/opt/ros/humble/lib/x86_64-linux-gnu:/opt/ros/humble/lib /usr/bin/cmake --build /home/shoma/ur_ws/build/ur_bringup -- -j16 -l16
[0.234s] Invoking command in '/home/shoma/ur_ws/build/ur_bringup': CMAKE_PREFIX_PATH=/home/shoma/ur_ws/install/ur_controllers:/home/shoma/ur_ws/install/ur_description:/home/shoma/ur_ws/install/ur_dashboard_msgs:/home/shoma/ur_ws/install/ur:/home/shoma/ur_ws/install/ur_calibration:/home/shoma/ur_ws/install/ur_robot_driver:/home/shoma/ur_ws/install/ur_moveit_config:/home/shoma/ur_ws/install/ur_bringup:/home/shoma/ros2_ws/install/person_msgs:/home/shoma/ros2_ws/install/cpp_parameters:/home/shoma/ros2_ws/install/mypkg:/opt/ros/humble LD_LIBRARY_PATH=/home/shoma/ur_ws/install/ur_controllers/lib:/home/shoma/ur_ws/install/ur_dashboard_msgs/lib:/home/shoma/ur_ws/install/ur_robot_driver/lib:/home/shoma/ros2_ws/install/person_msgs/lib:/usr/lib/x86_64-linux-gnu/gazebo-11/plugins:/opt/ros/humble/opt/rviz_ogre_vendor/lib:/opt/ros/humble/lib/x86_64-linux-gnu:/opt/ros/humble/lib /usr/bin/cmake --install /home/shoma/ur_ws/build/ur_bringup
[0.240s] -- Install configuration: "Release"
[0.240s] -- Up-to-date: /home/shoma/ur_ws/install/ur_bringup/share/ur_bringup/config
[0.240s] -- Up-to-date: /home/shoma/ur_ws/install/ur_bringup/share/ur_bringup/config/ur3_update_rate.yaml
[0.240s] -- Up-to-date: /home/shoma/ur_ws/install/ur_bringup/share/ur_bringup/config/ur_controllers.yaml
[0.241s] -- Up-to-date: /home/shoma/ur_ws/install/ur_bringup/share/ur_bringup/config/ur3e_update_rate.yaml
[0.241s] -- Up-to-date: /home/shoma/ur_ws/install/ur_bringup/share/ur_bringup/config/ur5_update_rate.yaml
[0.241s] -- Up-to-date: /home/shoma/ur_ws/install/ur_bringup/share/ur_bringup/config/ur10e_update_rate.yaml
[0.241s] -- Up-to-date: /home/shoma/ur_ws/install/ur_bringup/share/ur_bringup/config/ur10_update_rate.yaml
[0.241s] -- Up-to-date: /home/shoma/ur_ws/install/ur_bringup/share/ur_bringup/config/ur16e_update_rate.yaml
[0.242s] -- Up-to-date: /home/shoma/ur_ws/install/ur_bringup/share/ur_bringup/config/ur5e_update_rate.yaml
[0.242s] -- Up-to-date: /home/shoma/ur_ws/install/ur_bringup/share/ur_bringup/config/test_velocity_goal_publishers_config.yaml
[0.242s] -- Up-to-date: /home/shoma/ur_ws/install/ur_bringup/share/ur_bringup/config/test_goal_publishers_config.yaml
[0.242s] -- Up-to-date: /home/shoma/ur_ws/install/ur_bringup/share/ur_bringup/launch
[0.243s] -- Up-to-date: /home/shoma/ur_ws/install/ur_bringup/share/ur_bringup/launch/ur16e.launch.py
[0.243s] -- Up-to-date: /home/shoma/ur_ws/install/ur_bringup/share/ur_bringup/launch/ur5e.launch.py
[0.243s] -- Up-to-date: /home/shoma/ur_ws/install/ur_bringup/share/ur_bringup/launch/ur3e.launch.py
[0.243s] -- Up-to-date: /home/shoma/ur_ws/install/ur_bringup/share/ur_bringup/launch/ur_control.launch.py
[0.244s] -- Up-to-date: /home/shoma/ur_ws/install/ur_bringup/share/ur_bringup/launch/ur10.launch.py
[0.244s] -- Up-to-date: /home/shoma/ur_ws/install/ur_bringup/share/ur_bringup/launch/test_forward_velocity_controller.launch.py
[0.244s] -- Up-to-date: /home/shoma/ur_ws/install/ur_bringup/share/ur_bringup/launch/ur10e.launch.py
[0.244s] -- Up-to-date: /home/shoma/ur_ws/install/ur_bringup/share/ur_bringup/launch/test_joint_trajectory_controller.launch.py
[0.244s] -- Up-to-date: /home/shoma/ur_ws/install/ur_bringup/share/ur_bringup/launch/ur3.launch.py
[0.244s] -- Up-to-date: /home/shoma/ur_ws/install/ur_bringup/share/ur_bringup/launch/ur5.launch.py
[0.245s] -- Up-to-date: /home/shoma/ur_ws/install/ur_bringup/share/ur_bringup/launch/test_scaled_joint_trajectory_controller.launch.py
[0.245s] -- Up-to-date: /home/shoma/ur_ws/install/ur_bringup/share/ur_bringup/launch/ur_dashboard_client.launch.py
[0.245s] -- Up-to-date: /home/shoma/ur_ws/install/ur_bringup/lib/ur_bringup/start_ursim.sh
[0.245s] -- Up-to-date: /home/shoma/ur_ws/install/ur_bringup/share/ament_index/resource_index/package_run_dependencies/ur_bringup
[0.245s] -- Up-to-date: /home/shoma/ur_ws/install/ur_bringup/share/ament_index/resource_index/parent_prefix_path/ur_bringup
[0.245s] -- Up-to-date: /home/shoma/ur_ws/install/ur_bringup/share/ur_bringup/environment/ament_prefix_path.sh
[0.246s] -- Up-to-date: /home/shoma/ur_ws/install/ur_bringup/share/ur_bringup/environment/ament_prefix_path.dsv
[0.247s] -- Up-to-date: /home/shoma/ur_ws/install/ur_bringup/share/ur_bringup/environment/path.sh
[0.247s] -- Up-to-date: /home/shoma/ur_ws/install/ur_bringup/share/ur_bringup/environment/path.dsv
[0.247s] -- Up-to-date: /home/shoma/ur_ws/install/ur_bringup/share/ur_bringup/local_setup.bash
[0.247s] -- Up-to-date: /home/shoma/ur_ws/install/ur_bringup/share/ur_bringup/local_setup.sh
[0.247s] -- Up-to-date: /home/shoma/ur_ws/install/ur_bringup/share/ur_bringup/local_setup.zsh
[0.247s] -- Up-to-date: /home/shoma/ur_ws/install/ur_bringup/share/ur_bringup/local_setup.dsv
[0.248s] -- Installing: /home/shoma/ur_ws/install/ur_bringup/share/ur_bringup/package.dsv
[0.248s] -- Up-to-date: /home/shoma/ur_ws/install/ur_bringup/share/ament_index/resource_index/packages/ur_bringup
[0.248s] -- Up-to-date: /home/shoma/ur_ws/install/ur_bringup/share/ur_bringup/cmake/ur_bringupConfig.cmake
[0.248s] -- Up-to-date: /home/shoma/ur_ws/install/ur_bringup/share/ur_bringup/cmake/ur_bringupConfig-version.cmake
[0.248s] -- Up-to-date: /home/shoma/ur_ws/install/ur_bringup/share/ur_bringup/package.xml
[0.249s] Invoked command in '/home/shoma/ur_ws/build/ur_bringup' returned '0': CMAKE_PREFIX_PATH=/home/shoma/ur_ws/install/ur_controllers:/home/shoma/ur_ws/install/ur_description:/home/shoma/ur_ws/install/ur_dashboard_msgs:/home/shoma/ur_ws/install/ur:/home/shoma/ur_ws/install/ur_calibration:/home/shoma/ur_ws/install/ur_robot_driver:/home/shoma/ur_ws/install/ur_moveit_config:/home/shoma/ur_ws/install/ur_bringup:/home/shoma/ros2_ws/install/person_msgs:/home/shoma/ros2_ws/install/cpp_parameters:/home/shoma/ros2_ws/install/mypkg:/opt/ros/humble LD_LIBRARY_PATH=/home/shoma/ur_ws/install/ur_controllers/lib:/home/shoma/ur_ws/install/ur_dashboard_msgs/lib:/home/shoma/ur_ws/install/ur_robot_driver/lib:/home/shoma/ros2_ws/install/person_msgs/lib:/usr/lib/x86_64-linux-gnu/gazebo-11/plugins:/opt/ros/humble/opt/rviz_ogre_vendor/lib:/opt/ros/humble/lib/x86_64-linux-gnu:/opt/ros/humble/lib /usr/bin/cmake --install /home/shoma/ur_ws/build/ur_bringup
