[0.408s] Invoking command in '/home/shoma/ur_ws/build/ur': CMAKE_PREFIX_PATH=/home/shoma/ur_ws/install/ur_calibration:/home/shoma/ur_ws/install/ur_robot_driver:/home/shoma/ur_ws/install/ur_moveit_config:/home/shoma/ur_ws/install/ur_controllers:/home/shoma/ur_ws/install/ur_description:/home/shoma/ur_ws/install/ur_dashboard_msgs:/home/shoma/ur_ws/install/ur:/home/shoma/ur_ws/install/ur_bringup:/home/shoma/ros2_ws/install/person_msgs:/home/shoma/ros2_ws/install/cpp_parameters:/home/shoma/ros2_ws/install/mypkg:/opt/ros/humble /usr/bin/cmake --build /home/shoma/ur_ws/build/ur -- -j16 -l16
[0.436s] Invoked command in '/home/shoma/ur_ws/build/ur' returned '0': CMAKE_PREFIX_PATH=/home/shoma/ur_ws/install/ur_calibration:/home/shoma/ur_ws/install/ur_robot_driver:/home/shoma/ur_ws/install/ur_moveit_config:/home/shoma/ur_ws/install/ur_controllers:/home/shoma/ur_ws/install/ur_description:/home/shoma/ur_ws/install/ur_dashboard_msgs:/home/shoma/ur_ws/install/ur:/home/shoma/ur_ws/install/ur_bringup:/home/shoma/ros2_ws/install/person_msgs:/home/shoma/ros2_ws/install/cpp_parameters:/home/shoma/ros2_ws/install/mypkg:/opt/ros/humble /usr/bin/cmake --build /home/shoma/ur_ws/build/ur -- -j16 -l16
[0.460s] Invoking command in '/home/shoma/ur_ws/build/ur': CMAKE_PREFIX_PATH=/home/shoma/ur_ws/install/ur_calibration:/home/shoma/ur_ws/install/ur_robot_driver:/home/shoma/ur_ws/install/ur_moveit_config:/home/shoma/ur_ws/install/ur_controllers:/home/shoma/ur_ws/install/ur_description:/home/shoma/ur_ws/install/ur_dashboard_msgs:/home/shoma/ur_ws/install/ur:/home/shoma/ur_ws/install/ur_bringup:/home/shoma/ros2_ws/install/person_msgs:/home/shoma/ros2_ws/install/cpp_parameters:/home/shoma/ros2_ws/install/mypkg:/opt/ros/humble /usr/bin/cmake --install /home/shoma/ur_ws/build/ur
[0.466s] -- Install configuration: "Release"
[0.467s] -- Up-to-date: /home/shoma/ur_ws/install/ur/share/ament_index/resource_index/package_run_dependencies/ur
[0.467s] -- Up-to-date: /home/shoma/ur_ws/install/ur/share/ament_index/resource_index/parent_prefix_path/ur
[0.467s] -- Up-to-date: /home/shoma/ur_ws/install/ur/share/ur/environment/ament_prefix_path.sh
[0.467s] -- Up-to-date: /home/shoma/ur_ws/install/ur/share/ur/environment/ament_prefix_path.dsv
[0.467s] -- Up-to-date: /home/shoma/ur_ws/install/ur/share/ur/environment/path.sh
[0.467s] -- Up-to-date: /home/shoma/ur_ws/install/ur/share/ur/environment/path.dsv
[0.468s] -- Up-to-date: /home/shoma/ur_ws/install/ur/share/ur/local_setup.bash
[0.468s] -- Up-to-date: /home/shoma/ur_ws/install/ur/share/ur/local_setup.sh
[0.468s] -- Up-to-date: /home/shoma/ur_ws/install/ur/share/ur/local_setup.zsh
[0.468s] -- Up-to-date: /home/shoma/ur_ws/install/ur/share/ur/local_setup.dsv
[0.468s] -- Installing: /home/shoma/ur_ws/install/ur/share/ur/package.dsv
[0.468s] -- Up-to-date: /home/shoma/ur_ws/install/ur/share/ament_index/resource_index/packages/ur
[0.468s] -- Up-to-date: /home/shoma/ur_ws/install/ur/share/ur/cmake/urConfig.cmake
[0.468s] -- Up-to-date: /home/shoma/ur_ws/install/ur/share/ur/cmake/urConfig-version.cmake
[0.468s] -- Up-to-date: /home/shoma/ur_ws/install/ur/share/ur/package.xml
[0.470s] Invoked command in '/home/shoma/ur_ws/build/ur' returned '0': CMAKE_PREFIX_PATH=/home/shoma/ur_ws/install/ur_calibration:/home/shoma/ur_ws/install/ur_robot_driver:/home/shoma/ur_ws/install/ur_moveit_config:/home/shoma/ur_ws/install/ur_controllers:/home/shoma/ur_ws/install/ur_description:/home/shoma/ur_ws/install/ur_dashboard_msgs:/home/shoma/ur_ws/install/ur:/home/shoma/ur_ws/install/ur_bringup:/home/shoma/ros2_ws/install/person_msgs:/home/shoma/ros2_ws/install/cpp_parameters:/home/shoma/ros2_ws/install/mypkg:/opt/ros/humble /usr/bin/cmake --install /home/shoma/ur_ws/build/ur
