[0.228s] Invoking command in '/home/shoma/ur_ws/build/ur_robot_driver': AMENT_PREFIX_PATH=/home/shoma/ur_ws/install/ur_controllers:/home/shoma/ur_ws/install/ur_description:/home/shoma/ur_ws/install/ur_dashboard_msgs:${AMENT_PREFIX_PATH} CMAKE_PREFIX_PATH=/home/shoma/ur_ws/install/ur_controllers:/home/shoma/ur_ws/install/ur_description:/home/shoma/ur_ws/install/ur_dashboard_msgs:/home/shoma/ros2_ws/install/person_msgs:/home/shoma/ros2_ws/install/cpp_parameters:/home/shoma/ros2_ws/install/mypkg:/opt/ros/humble LD_LIBRARY_PATH=/home/shoma/ur_ws/install/ur_controllers/lib:/home/shoma/ur_ws/install/ur_dashboard_msgs/lib:${LD_LIBRARY_PATH} PYTHONPATH=/home/shoma/ur_ws/install/ur_dashboard_msgs/local/lib/python3.10/dist-packages:${PYTHONPATH} /usr/bin/cmake --build /home/shoma/ur_ws/build/ur_robot_driver -- -j16 -l16
[0.347s] [ 40%] Built target ur_ros2_control_node
[0.347s] [ 40%] Built target urscript_interface
[0.349s] [ 53%] Built target dashboard_client
[0.351s] [ 73%] Built target controller_stopper_node
[0.359s] [ 73%] Built target ament_cmake_python_copy_ur_robot_driver
[0.361s] [100%] Built target ur_robot_driver_plugin
[0.671s] running egg_info
[0.672s] writing ur_robot_driver.egg-info/PKG-INFO
[0.673s] writing dependency_links to ur_robot_driver.egg-info/dependency_links.txt
[0.673s] writing top-level names to ur_robot_driver.egg-info/top_level.txt
[0.676s] reading manifest file 'ur_robot_driver.egg-info/SOURCES.txt'
[0.677s] writing manifest file 'ur_robot_driver.egg-info/SOURCES.txt'
[0.773s] [100%] Built target ament_cmake_python_build_ur_robot_driver_egg
[0.796s] Invoked command in '/home/shoma/ur_ws/build/ur_robot_driver' returned '0': AMENT_PREFIX_PATH=/home/shoma/ur_ws/install/ur_controllers:/home/shoma/ur_ws/install/ur_description:/home/shoma/ur_ws/install/ur_dashboard_msgs:${AMENT_PREFIX_PATH} CMAKE_PREFIX_PATH=/home/shoma/ur_ws/install/ur_controllers:/home/shoma/ur_ws/install/ur_description:/home/shoma/ur_ws/install/ur_dashboard_msgs:/home/shoma/ros2_ws/install/person_msgs:/home/shoma/ros2_ws/install/cpp_parameters:/home/shoma/ros2_ws/install/mypkg:/opt/ros/humble LD_LIBRARY_PATH=/home/shoma/ur_ws/install/ur_controllers/lib:/home/shoma/ur_ws/install/ur_dashboard_msgs/lib:${LD_LIBRARY_PATH} PYTHONPATH=/home/shoma/ur_ws/install/ur_dashboard_msgs/local/lib/python3.10/dist-packages:${PYTHONPATH} /usr/bin/cmake --build /home/shoma/ur_ws/build/ur_robot_driver -- -j16 -l16
[0.866s] Invoking command in '/home/shoma/ur_ws/build/ur_robot_driver': AMENT_PREFIX_PATH=/home/shoma/ur_ws/install/ur_controllers:/home/shoma/ur_ws/install/ur_description:/home/shoma/ur_ws/install/ur_dashboard_msgs:${AMENT_PREFIX_PATH} CMAKE_PREFIX_PATH=/home/shoma/ur_ws/install/ur_controllers:/home/shoma/ur_ws/install/ur_description:/home/shoma/ur_ws/install/ur_dashboard_msgs:/home/shoma/ros2_ws/install/person_msgs:/home/shoma/ros2_ws/install/cpp_parameters:/home/shoma/ros2_ws/install/mypkg:/opt/ros/humble LD_LIBRARY_PATH=/home/shoma/ur_ws/install/ur_controllers/lib:/home/shoma/ur_ws/install/ur_dashboard_msgs/lib:${LD_LIBRARY_PATH} PYTHONPATH=/home/shoma/ur_ws/install/ur_dashboard_msgs/local/lib/python3.10/dist-packages:${PYTHONPATH} /usr/bin/cmake --install /home/shoma/ur_ws/build/ur_robot_driver
[0.879s] -- Install configuration: "Release"
[0.879s] -- Up-to-date: /home/shoma/ur_ws/install/ur_robot_driver/share/ur_robot_driver/hardware_interface_plugin.xml
[0.879s] -- Up-to-date: /home/shoma/ur_ws/install/ur_robot_driver/lib/ur_robot_driver/dashboard_client
[0.880s] -- Up-to-date: /home/shoma/ur_ws/install/ur_robot_driver/lib/ur_robot_driver/ur_ros2_control_node
[0.880s] -- Up-to-date: /home/shoma/ur_ws/install/ur_robot_driver/lib/ur_robot_driver/controller_stopper_node
[0.881s] -- Up-to-date: /home/shoma/ur_ws/install/ur_robot_driver/lib/ur_robot_driver/urscript_interface
[0.882s] -- Up-to-date: /home/shoma/ur_ws/install/ur_robot_driver/lib/libur_robot_driver_plugin.so
[0.882s] -- Up-to-date: /home/shoma/ur_ws/install/ur_robot_driver/include
[0.882s] -- Up-to-date: /home/shoma/ur_ws/install/ur_robot_driver/include/ur_robot_driver
[0.883s] -- Up-to-date: /home/shoma/ur_ws/install/ur_robot_driver/include/ur_robot_driver/urcl_log_handler.hpp
[0.883s] -- Up-to-date: /home/shoma/ur_ws/install/ur_robot_driver/include/ur_robot_driver/controller_stopper.hpp
[0.883s] -- Up-to-date: /home/shoma/ur_ws/install/ur_robot_driver/include/ur_robot_driver/dashboard_client_ros.hpp
[0.883s] -- Up-to-date: /home/shoma/ur_ws/install/ur_robot_driver/include/ur_robot_driver/hardware_interface.hpp
[0.883s] -- Up-to-date: /home/shoma/ur_ws/install/ur_robot_driver/share/ur_robot_driver/environment/library_path.sh
[0.883s] -- Up-to-date: /home/shoma/ur_ws/install/ur_robot_driver/share/ur_robot_driver/environment/library_path.dsv
[0.884s] -- Up-to-date: /home/shoma/ur_ws/install/ur_robot_driver/share/ur_robot_driver/resources
[0.884s] -- Up-to-date: /home/shoma/ur_ws/install/ur_robot_driver/share/ur_robot_driver/resources/ros_control.urscript
[0.884s] -- Up-to-date: /home/shoma/ur_ws/install/ur_robot_driver/share/ur_robot_driver/resources/rs485-1.0.urcap
[0.884s] -- Up-to-date: /home/shoma/ur_ws/install/ur_robot_driver/share/ur_robot_driver/resources/rtde_input_recipe.txt
[0.885s] -- Up-to-date: /home/shoma/ur_ws/install/ur_robot_driver/share/ur_robot_driver/resources/rtde_output_recipe.txt
[0.885s] -- Up-to-date: /home/shoma/ur_ws/install/ur_robot_driver/share/ur_robot_driver/resources/externalcontrol-1.0.5.urcap
[0.885s] -- Up-to-date: /home/shoma/ur_ws/install/ur_robot_driver/include
[0.885s] -- Up-to-date: /home/shoma/ur_ws/install/ur_robot_driver/include/ur_robot_driver
[0.885s] -- Up-to-date: /home/shoma/ur_ws/install/ur_robot_driver/include/ur_robot_driver/urcl_log_handler.hpp
[0.885s] -- Up-to-date: /home/shoma/ur_ws/install/ur_robot_driver/include/ur_robot_driver/controller_stopper.hpp
[0.885s] -- Up-to-date: /home/shoma/ur_ws/install/ur_robot_driver/include/ur_robot_driver/dashboard_client_ros.hpp
[0.885s] -- Up-to-date: /home/shoma/ur_ws/install/ur_robot_driver/include/ur_robot_driver/hardware_interface.hpp
[0.886s] -- Up-to-date: /home/shoma/ur_ws/install/ur_robot_driver/share/ur_robot_driver/environment/pythonpath.sh
[0.886s] -- Up-to-date: /home/shoma/ur_ws/install/ur_robot_driver/share/ur_robot_driver/environment/pythonpath.dsv
[0.886s] -- Up-to-date: /home/shoma/ur_ws/install/ur_robot_driver/local/lib/python3.10/dist-packages/ur_robot_driver-2.2.15-py3.10.egg-info
[0.886s] -- Installing: /home/shoma/ur_ws/install/ur_robot_driver/local/lib/python3.10/dist-packages/ur_robot_driver-2.2.15-py3.10.egg-info/PKG-INFO
[0.887s] -- Installing: /home/shoma/ur_ws/install/ur_robot_driver/local/lib/python3.10/dist-packages/ur_robot_driver-2.2.15-py3.10.egg-info/SOURCES.txt
[0.887s] -- Installing: /home/shoma/ur_ws/install/ur_robot_driver/local/lib/python3.10/dist-packages/ur_robot_driver-2.2.15-py3.10.egg-info/dependency_links.txt
[0.887s] -- Installing: /home/shoma/ur_ws/install/ur_robot_driver/local/lib/python3.10/dist-packages/ur_robot_driver-2.2.15-py3.10.egg-info/top_level.txt
[0.887s] -- Up-to-date: /home/shoma/ur_ws/install/ur_robot_driver/local/lib/python3.10/dist-packages/ur_robot_driver
[0.887s] -- Up-to-date: /home/shoma/ur_ws/install/ur_robot_driver/local/lib/python3.10/dist-packages/ur_robot_driver/__init__.py
[0.925s] Listing '/home/shoma/ur_ws/install/ur_robot_driver/local/lib/python3.10/dist-packages/ur_robot_driver'...
[0.937s] -- Up-to-date: /home/shoma/ur_ws/install/ur_robot_driver/lib/ur_robot_driver/tool_communication.py
[0.937s] -- Up-to-date: /home/shoma/ur_ws/install/ur_robot_driver/bin/wait_dashboard_server.sh
[0.937s] -- Up-to-date: /home/shoma/ur_ws/install/ur_robot_driver/lib/ur_robot_driver/start_ursim.sh
[0.937s] -- Up-to-date: /home/shoma/ur_ws/install/ur_robot_driver/share/ur_robot_driver/config
[0.937s] -- Up-to-date: /home/shoma/ur_ws/install/ur_robot_driver/share/ur_robot_driver/config/ur3_update_rate.yaml
[0.938s] -- Up-to-date: /home/shoma/ur_ws/install/ur_robot_driver/share/ur_robot_driver/config/ur_controllers.yaml
[0.938s] -- Up-to-date: /home/shoma/ur_ws/install/ur_robot_driver/share/ur_robot_driver/config/ur3e_update_rate.yaml
[0.938s] -- Up-to-date: /home/shoma/ur_ws/install/ur_robot_driver/share/ur_robot_driver/config/ur5_update_rate.yaml
[0.938s] -- Up-to-date: /home/shoma/ur_ws/install/ur_robot_driver/share/ur_robot_driver/config/ur10e_update_rate.yaml
[0.939s] -- Up-to-date: /home/shoma/ur_ws/install/ur_robot_driver/share/ur_robot_driver/config/ur30_update_rate.yaml
[0.939s] -- Up-to-date: /home/shoma/ur_ws/install/ur_robot_driver/share/ur_robot_driver/config/ur10_update_rate.yaml
[0.939s] -- Up-to-date: /home/shoma/ur_ws/install/ur_robot_driver/share/ur_robot_driver/config/ur16e_update_rate.yaml
[0.939s] -- Up-to-date: /home/shoma/ur_ws/install/ur_robot_driver/share/ur_robot_driver/config/ur5e_update_rate.yaml
[0.939s] -- Up-to-date: /home/shoma/ur_ws/install/ur_robot_driver/share/ur_robot_driver/config/test_velocity_goal_publishers_config.yaml
[0.940s] -- Up-to-date: /home/shoma/ur_ws/install/ur_robot_driver/share/ur_robot_driver/config/test_goal_publishers_config.yaml
[0.940s] -- Up-to-date: /home/shoma/ur_ws/install/ur_robot_driver/share/ur_robot_driver/config/ur20_update_rate.yaml
[0.940s] -- Up-to-date: /home/shoma/ur_ws/install/ur_robot_driver/share/ur_robot_driver/launch
[0.940s] -- Up-to-date: /home/shoma/ur_ws/install/ur_robot_driver/share/ur_robot_driver/launch/ur30.launch.py
[0.941s] -- Up-to-date: /home/shoma/ur_ws/install/ur_robot_driver/share/ur_robot_driver/launch/ur16e.launch.py
[0.941s] -- Up-to-date: /home/shoma/ur_ws/install/ur_robot_driver/share/ur_robot_driver/launch/ur5e.launch.py
[0.941s] -- Up-to-date: /home/shoma/ur_ws/install/ur_robot_driver/share/ur_robot_driver/launch/ur3e.launch.py
[0.941s] -- Up-to-date: /home/shoma/ur_ws/install/ur_robot_driver/share/ur_robot_driver/launch/ur20.launch.py
[0.942s] -- Up-to-date: /home/shoma/ur_ws/install/ur_robot_driver/share/ur_robot_driver/launch/ur_control.launch.py
[0.942s] -- Up-to-date: /home/shoma/ur_ws/install/ur_robot_driver/share/ur_robot_driver/launch/ur10.launch.py
[0.942s] -- Up-to-date: /home/shoma/ur_ws/install/ur_robot_driver/share/ur_robot_driver/launch/test_forward_velocity_controller.launch.py
[0.942s] -- Up-to-date: /home/shoma/ur_ws/install/ur_robot_driver/share/ur_robot_driver/launch/ur10e.launch.py
[0.942s] -- Up-to-date: /home/shoma/ur_ws/install/ur_robot_driver/share/ur_robot_driver/launch/test_joint_trajectory_controller.launch.py
[0.943s] -- Up-to-date: /home/shoma/ur_ws/install/ur_robot_driver/share/ur_robot_driver/launch/ur3.launch.py
[0.943s] -- Up-to-date: /home/shoma/ur_ws/install/ur_robot_driver/share/ur_robot_driver/launch/ur5.launch.py
[0.943s] -- Up-to-date: /home/shoma/ur_ws/install/ur_robot_driver/share/ur_robot_driver/launch/test_scaled_joint_trajectory_controller.launch.py
[0.943s] -- Up-to-date: /home/shoma/ur_ws/install/ur_robot_driver/share/ur_robot_driver/launch/ur_dashboard_client.launch.py
[0.943s] -- Up-to-date: /home/shoma/ur_ws/install/ur_robot_driver/share/ament_index/resource_index/package_run_dependencies/ur_robot_driver
[0.943s] -- Up-to-date: /home/shoma/ur_ws/install/ur_robot_driver/share/ament_index/resource_index/parent_prefix_path/ur_robot_driver
[0.944s] -- Up-to-date: /home/shoma/ur_ws/install/ur_robot_driver/share/ur_robot_driver/environment/ament_prefix_path.sh
[0.944s] -- Up-to-date: /home/shoma/ur_ws/install/ur_robot_driver/share/ur_robot_driver/environment/ament_prefix_path.dsv
[0.944s] -- Up-to-date: /home/shoma/ur_ws/install/ur_robot_driver/share/ur_robot_driver/environment/path.sh
[0.944s] -- Up-to-date: /home/shoma/ur_ws/install/ur_robot_driver/share/ur_robot_driver/environment/path.dsv
[0.944s] -- Up-to-date: /home/shoma/ur_ws/install/ur_robot_driver/share/ur_robot_driver/local_setup.bash
[0.944s] -- Up-to-date: /home/shoma/ur_ws/install/ur_robot_driver/share/ur_robot_driver/local_setup.sh
[0.944s] -- Up-to-date: /home/shoma/ur_ws/install/ur_robot_driver/share/ur_robot_driver/local_setup.zsh
[0.944s] -- Up-to-date: /home/shoma/ur_ws/install/ur_robot_driver/share/ur_robot_driver/local_setup.dsv
[0.944s] -- Installing: /home/shoma/ur_ws/install/ur_robot_driver/share/ur_robot_driver/package.dsv
[0.944s] -- Up-to-date: /home/shoma/ur_ws/install/ur_robot_driver/share/ament_index/resource_index/packages/ur_robot_driver
[0.944s] -- Up-to-date: /home/shoma/ur_ws/install/ur_robot_driver/share/ament_index/resource_index/hardware_interface__pluginlib__plugin/ur_robot_driver
[0.944s] -- Up-to-date: /home/shoma/ur_ws/install/ur_robot_driver/share/ur_robot_driver/cmake/ament_cmake_export_include_directories-extras.cmake
[0.944s] -- Up-to-date: /home/shoma/ur_ws/install/ur_robot_driver/share/ur_robot_driver/cmake/ament_cmake_export_libraries-extras.cmake
[0.944s] -- Up-to-date: /home/shoma/ur_ws/install/ur_robot_driver/share/ur_robot_driver/cmake/ament_cmake_export_dependencies-extras.cmake
[0.944s] -- Up-to-date: /home/shoma/ur_ws/install/ur_robot_driver/share/ur_robot_driver/cmake/ur_robot_driverConfig.cmake
[0.944s] -- Up-to-date: /home/shoma/ur_ws/install/ur_robot_driver/share/ur_robot_driver/cmake/ur_robot_driverConfig-version.cmake
[0.944s] -- Up-to-date: /home/shoma/ur_ws/install/ur_robot_driver/share/ur_robot_driver/package.xml
[0.947s] Invoked command in '/home/shoma/ur_ws/build/ur_robot_driver' returned '0': AMENT_PREFIX_PATH=/home/shoma/ur_ws/install/ur_controllers:/home/shoma/ur_ws/install/ur_description:/home/shoma/ur_ws/install/ur_dashboard_msgs:${AMENT_PREFIX_PATH} CMAKE_PREFIX_PATH=/home/shoma/ur_ws/install/ur_controllers:/home/shoma/ur_ws/install/ur_description:/home/shoma/ur_ws/install/ur_dashboard_msgs:/home/shoma/ros2_ws/install/person_msgs:/home/shoma/ros2_ws/install/cpp_parameters:/home/shoma/ros2_ws/install/mypkg:/opt/ros/humble LD_LIBRARY_PATH=/home/shoma/ur_ws/install/ur_controllers/lib:/home/shoma/ur_ws/install/ur_dashboard_msgs/lib:${LD_LIBRARY_PATH} PYTHONPATH=/home/shoma/ur_ws/install/ur_dashboard_msgs/local/lib/python3.10/dist-packages:${PYTHONPATH} /usr/bin/cmake --install /home/shoma/ur_ws/build/ur_robot_driver
