[0.133s] Invoking command in '/home/shoma/ur_ws/build/ur_robot_driver': CMAKE_PREFIX_PATH=/home/shoma/ur_ws/install/ur_controllers:/home/shoma/ur_ws/install/ur_description:/home/shoma/ur_ws/install/ur_dashboard_msgs:/home/shoma/ur_ws/install/ur:/home/shoma/ur_ws/install/ur_calibration:/home/shoma/ur_ws/install/ur_robot_driver:/home/shoma/ur_ws/install/ur_moveit_config:/home/shoma/ur_ws/install/ur_bringup:/home/shoma/ros2_ws/install/person_msgs:/home/shoma/ros2_ws/install/cpp_parameters:/home/shoma/ros2_ws/install/mypkg:/opt/ros/humble LD_LIBRARY_PATH=/home/shoma/ur_ws/install/ur_controllers/lib:/home/shoma/ur_ws/install/ur_dashboard_msgs/lib:/home/shoma/ur_ws/install/ur_robot_driver/lib:/home/shoma/ros2_ws/install/person_msgs/lib:/usr/lib/x86_64-linux-gnu/gazebo-11/plugins:/opt/ros/humble/opt/rviz_ogre_vendor/lib:/opt/ros/humble/lib/x86_64-linux-gnu:/opt/ros/humble/lib /usr/bin/cmake --build /home/shoma/ur_ws/build/ur_robot_driver -- -j16 -l16
[0.192s] [ 40%] Built target ur_ros2_control_node
[0.192s] [ 40%] Built target urscript_interface
[0.192s] [ 46%] Built target controller_stopper_node
[0.193s] [ 73%] Built target dashboard_client
[0.193s] [100%] Built target ur_robot_driver_plugin
[0.194s] [100%] Built target ament_cmake_python_copy_ur_robot_driver
[0.391s] running egg_info
[0.392s] writing ur_robot_driver.egg-info/PKG-INFO
[0.392s] writing dependency_links to ur_robot_driver.egg-info/dependency_links.txt
[0.392s] writing top-level names to ur_robot_driver.egg-info/top_level.txt
[0.394s] reading manifest file 'ur_robot_driver.egg-info/SOURCES.txt'
[0.394s] writing manifest file 'ur_robot_driver.egg-info/SOURCES.txt'
[0.424s] [100%] Built target ament_cmake_python_build_ur_robot_driver_egg
[0.434s] Invoked command in '/home/shoma/ur_ws/build/ur_robot_driver' returned '0': CMAKE_PREFIX_PATH=/home/shoma/ur_ws/install/ur_controllers:/home/shoma/ur_ws/install/ur_description:/home/shoma/ur_ws/install/ur_dashboard_msgs:/home/shoma/ur_ws/install/ur:/home/shoma/ur_ws/install/ur_calibration:/home/shoma/ur_ws/install/ur_robot_driver:/home/shoma/ur_ws/install/ur_moveit_config:/home/shoma/ur_ws/install/ur_bringup:/home/shoma/ros2_ws/install/person_msgs:/home/shoma/ros2_ws/install/cpp_parameters:/home/shoma/ros2_ws/install/mypkg:/opt/ros/humble LD_LIBRARY_PATH=/home/shoma/ur_ws/install/ur_controllers/lib:/home/shoma/ur_ws/install/ur_dashboard_msgs/lib:/home/shoma/ur_ws/install/ur_robot_driver/lib:/home/shoma/ros2_ws/install/person_msgs/lib:/usr/lib/x86_64-linux-gnu/gazebo-11/plugins:/opt/ros/humble/opt/rviz_ogre_vendor/lib:/opt/ros/humble/lib/x86_64-linux-gnu:/opt/ros/humble/lib /usr/bin/cmake --build /home/shoma/ur_ws/build/ur_robot_driver -- -j16 -l16
[0.483s] Invoking command in '/home/shoma/ur_ws/build/ur_robot_driver': CMAKE_PREFIX_PATH=/home/shoma/ur_ws/install/ur_controllers:/home/shoma/ur_ws/install/ur_description:/home/shoma/ur_ws/install/ur_dashboard_msgs:/home/shoma/ur_ws/install/ur:/home/shoma/ur_ws/install/ur_calibration:/home/shoma/ur_ws/install/ur_robot_driver:/home/shoma/ur_ws/install/ur_moveit_config:/home/shoma/ur_ws/install/ur_bringup:/home/shoma/ros2_ws/install/person_msgs:/home/shoma/ros2_ws/install/cpp_parameters:/home/shoma/ros2_ws/install/mypkg:/opt/ros/humble LD_LIBRARY_PATH=/home/shoma/ur_ws/install/ur_controllers/lib:/home/shoma/ur_ws/install/ur_dashboard_msgs/lib:/home/shoma/ur_ws/install/ur_robot_driver/lib:/home/shoma/ros2_ws/install/person_msgs/lib:/usr/lib/x86_64-linux-gnu/gazebo-11/plugins:/opt/ros/humble/opt/rviz_ogre_vendor/lib:/opt/ros/humble/lib/x86_64-linux-gnu:/opt/ros/humble/lib /usr/bin/cmake --install /home/shoma/ur_ws/build/ur_robot_driver
[0.491s] -- Install configuration: "Release"
[0.491s] -- Up-to-date: /home/shoma/ur_ws/install/ur_robot_driver/share/ur_robot_driver/hardware_interface_plugin.xml
[0.491s] -- Up-to-date: /home/shoma/ur_ws/install/ur_robot_driver/lib/ur_robot_driver/dashboard_client
[0.492s] -- Up-to-date: /home/shoma/ur_ws/install/ur_robot_driver/lib/ur_robot_driver/ur_ros2_control_node
[0.492s] -- Up-to-date: /home/shoma/ur_ws/install/ur_robot_driver/lib/ur_robot_driver/controller_stopper_node
[0.492s] -- Up-to-date: /home/shoma/ur_ws/install/ur_robot_driver/lib/ur_robot_driver/urscript_interface
[0.492s] -- Up-to-date: /home/shoma/ur_ws/install/ur_robot_driver/lib/libur_robot_driver_plugin.so
[0.493s] -- Up-to-date: /home/shoma/ur_ws/install/ur_robot_driver/include
[0.493s] -- Up-to-date: /home/shoma/ur_ws/install/ur_robot_driver/include/ur_robot_driver
[0.493s] -- Up-to-date: /home/shoma/ur_ws/install/ur_robot_driver/include/ur_robot_driver/urcl_log_handler.hpp
[0.493s] -- Up-to-date: /home/shoma/ur_ws/install/ur_robot_driver/include/ur_robot_driver/controller_stopper.hpp
[0.494s] -- Up-to-date: /home/shoma/ur_ws/install/ur_robot_driver/include/ur_robot_driver/dashboard_client_ros.hpp
[0.494s] -- Up-to-date: /home/shoma/ur_ws/install/ur_robot_driver/include/ur_robot_driver/hardware_interface.hpp
[0.494s] -- Up-to-date: /home/shoma/ur_ws/install/ur_robot_driver/share/ur_robot_driver/environment/library_path.sh
[0.494s] -- Up-to-date: /home/shoma/ur_ws/install/ur_robot_driver/share/ur_robot_driver/environment/library_path.dsv
[0.494s] -- Up-to-date: /home/shoma/ur_ws/install/ur_robot_driver/share/ur_robot_driver/resources
[0.495s] -- Up-to-date: /home/shoma/ur_ws/install/ur_robot_driver/share/ur_robot_driver/resources/ros_control.urscript
[0.495s] -- Up-to-date: /home/shoma/ur_ws/install/ur_robot_driver/share/ur_robot_driver/resources/rs485-1.0.urcap
[0.495s] -- Up-to-date: /home/shoma/ur_ws/install/ur_robot_driver/share/ur_robot_driver/resources/rtde_input_recipe.txt
[0.495s] -- Up-to-date: /home/shoma/ur_ws/install/ur_robot_driver/share/ur_robot_driver/resources/rtde_output_recipe.txt
[0.495s] -- Up-to-date: /home/shoma/ur_ws/install/ur_robot_driver/share/ur_robot_driver/resources/externalcontrol-1.0.5.urcap
[0.496s] -- Up-to-date: /home/shoma/ur_ws/install/ur_robot_driver/include
[0.496s] -- Up-to-date: /home/shoma/ur_ws/install/ur_robot_driver/include/ur_robot_driver
[0.496s] -- Up-to-date: /home/shoma/ur_ws/install/ur_robot_driver/include/ur_robot_driver/urcl_log_handler.hpp
[0.496s] -- Up-to-date: /home/shoma/ur_ws/install/ur_robot_driver/include/ur_robot_driver/controller_stopper.hpp
[0.497s] -- Up-to-date: /home/shoma/ur_ws/install/ur_robot_driver/include/ur_robot_driver/dashboard_client_ros.hpp
[0.497s] -- Up-to-date: /home/shoma/ur_ws/install/ur_robot_driver/include/ur_robot_driver/hardware_interface.hpp
[0.497s] -- Up-to-date: /home/shoma/ur_ws/install/ur_robot_driver/share/ur_robot_driver/environment/pythonpath.sh
[0.497s] -- Up-to-date: /home/shoma/ur_ws/install/ur_robot_driver/share/ur_robot_driver/environment/pythonpath.dsv
[0.497s] -- Up-to-date: /home/shoma/ur_ws/install/ur_robot_driver/local/lib/python3.10/dist-packages/ur_robot_driver-2.2.15-py3.10.egg-info
[0.497s] -- Installing: /home/shoma/ur_ws/install/ur_robot_driver/local/lib/python3.10/dist-packages/ur_robot_driver-2.2.15-py3.10.egg-info/PKG-INFO
[0.497s] -- Installing: /home/shoma/ur_ws/install/ur_robot_driver/local/lib/python3.10/dist-packages/ur_robot_driver-2.2.15-py3.10.egg-info/SOURCES.txt
[0.497s] -- Installing: /home/shoma/ur_ws/install/ur_robot_driver/local/lib/python3.10/dist-packages/ur_robot_driver-2.2.15-py3.10.egg-info/dependency_links.txt
[0.497s] -- Installing: /home/shoma/ur_ws/install/ur_robot_driver/local/lib/python3.10/dist-packages/ur_robot_driver-2.2.15-py3.10.egg-info/top_level.txt
[0.497s] -- Up-to-date: /home/shoma/ur_ws/install/ur_robot_driver/local/lib/python3.10/dist-packages/ur_robot_driver
[0.497s] -- Up-to-date: /home/shoma/ur_ws/install/ur_robot_driver/local/lib/python3.10/dist-packages/ur_robot_driver/__init__.py
[0.522s] Listing '/home/shoma/ur_ws/install/ur_robot_driver/local/lib/python3.10/dist-packages/ur_robot_driver'...
[0.526s] -- Up-to-date: /home/shoma/ur_ws/install/ur_robot_driver/lib/ur_robot_driver/tool_communication.py
[0.526s] -- Up-to-date: /home/shoma/ur_ws/install/ur_robot_driver/bin/wait_dashboard_server.sh
[0.527s] -- Up-to-date: /home/shoma/ur_ws/install/ur_robot_driver/lib/ur_robot_driver/start_ursim.sh
[0.527s] -- Up-to-date: /home/shoma/ur_ws/install/ur_robot_driver/share/ur_robot_driver/config
[0.527s] -- Up-to-date: /home/shoma/ur_ws/install/ur_robot_driver/share/ur_robot_driver/config/ur3_update_rate.yaml
[0.528s] -- Up-to-date: /home/shoma/ur_ws/install/ur_robot_driver/share/ur_robot_driver/config/ur_controllers.yaml
[0.528s] -- Up-to-date: /home/shoma/ur_ws/install/ur_robot_driver/share/ur_robot_driver/config/ur3e_update_rate.yaml
[0.528s] -- Up-to-date: /home/shoma/ur_ws/install/ur_robot_driver/share/ur_robot_driver/config/ur5_update_rate.yaml
[0.528s] -- Up-to-date: /home/shoma/ur_ws/install/ur_robot_driver/share/ur_robot_driver/config/ur10e_update_rate.yaml
[0.529s] -- Up-to-date: /home/shoma/ur_ws/install/ur_robot_driver/share/ur_robot_driver/config/ur30_update_rate.yaml
[0.529s] -- Up-to-date: /home/shoma/ur_ws/install/ur_robot_driver/share/ur_robot_driver/config/ur10_update_rate.yaml
[0.529s] -- Up-to-date: /home/shoma/ur_ws/install/ur_robot_driver/share/ur_robot_driver/config/ur16e_update_rate.yaml
[0.529s] -- Up-to-date: /home/shoma/ur_ws/install/ur_robot_driver/share/ur_robot_driver/config/ur5e_update_rate.yaml
[0.529s] -- Up-to-date: /home/shoma/ur_ws/install/ur_robot_driver/share/ur_robot_driver/config/test_velocity_goal_publishers_config.yaml
[0.529s] -- Up-to-date: /home/shoma/ur_ws/install/ur_robot_driver/share/ur_robot_driver/config/test_goal_publishers_config.yaml
[0.529s] -- Up-to-date: /home/shoma/ur_ws/install/ur_robot_driver/share/ur_robot_driver/config/ur20_update_rate.yaml
[0.530s] -- Up-to-date: /home/shoma/ur_ws/install/ur_robot_driver/share/ur_robot_driver/launch
[0.530s] -- Up-to-date: /home/shoma/ur_ws/install/ur_robot_driver/share/ur_robot_driver/launch/ur30.launch.py
[0.530s] -- Up-to-date: /home/shoma/ur_ws/install/ur_robot_driver/share/ur_robot_driver/launch/ur16e.launch.py
[0.530s] -- Up-to-date: /home/shoma/ur_ws/install/ur_robot_driver/share/ur_robot_driver/launch/ur5e.launch.py
[0.530s] -- Up-to-date: /home/shoma/ur_ws/install/ur_robot_driver/share/ur_robot_driver/launch/ur3e.launch.py
[0.530s] -- Up-to-date: /home/shoma/ur_ws/install/ur_robot_driver/share/ur_robot_driver/launch/ur20.launch.py
[0.530s] -- Up-to-date: /home/shoma/ur_ws/install/ur_robot_driver/share/ur_robot_driver/launch/ur_control.launch.py
[0.530s] -- Up-to-date: /home/shoma/ur_ws/install/ur_robot_driver/share/ur_robot_driver/launch/ur10.launch.py
[0.530s] -- Up-to-date: /home/shoma/ur_ws/install/ur_robot_driver/share/ur_robot_driver/launch/test_forward_velocity_controller.launch.py
[0.530s] -- Up-to-date: /home/shoma/ur_ws/install/ur_robot_driver/share/ur_robot_driver/launch/ur10e.launch.py
[0.530s] -- Up-to-date: /home/shoma/ur_ws/install/ur_robot_driver/share/ur_robot_driver/launch/test_joint_trajectory_controller.launch.py
[0.530s] -- Up-to-date: /home/shoma/ur_ws/install/ur_robot_driver/share/ur_robot_driver/launch/ur3.launch.py
[0.530s] -- Up-to-date: /home/shoma/ur_ws/install/ur_robot_driver/share/ur_robot_driver/launch/ur5.launch.py
[0.530s] -- Up-to-date: /home/shoma/ur_ws/install/ur_robot_driver/share/ur_robot_driver/launch/test_scaled_joint_trajectory_controller.launch.py
[0.530s] -- Up-to-date: /home/shoma/ur_ws/install/ur_robot_driver/share/ur_robot_driver/launch/ur_dashboard_client.launch.py
[0.531s] -- Up-to-date: /home/shoma/ur_ws/install/ur_robot_driver/share/ament_index/resource_index/package_run_dependencies/ur_robot_driver
[0.531s] -- Up-to-date: /home/shoma/ur_ws/install/ur_robot_driver/share/ament_index/resource_index/parent_prefix_path/ur_robot_driver
[0.531s] -- Up-to-date: /home/shoma/ur_ws/install/ur_robot_driver/share/ur_robot_driver/environment/ament_prefix_path.sh
[0.531s] -- Up-to-date: /home/shoma/ur_ws/install/ur_robot_driver/share/ur_robot_driver/environment/ament_prefix_path.dsv
[0.532s] -- Up-to-date: /home/shoma/ur_ws/install/ur_robot_driver/share/ur_robot_driver/environment/path.sh
[0.532s] -- Up-to-date: /home/shoma/ur_ws/install/ur_robot_driver/share/ur_robot_driver/environment/path.dsv
[0.532s] -- Up-to-date: /home/shoma/ur_ws/install/ur_robot_driver/share/ur_robot_driver/local_setup.bash
[0.533s] -- Up-to-date: /home/shoma/ur_ws/install/ur_robot_driver/share/ur_robot_driver/local_setup.sh
[0.533s] -- Up-to-date: /home/shoma/ur_ws/install/ur_robot_driver/share/ur_robot_driver/local_setup.zsh
[0.535s] -- Up-to-date: /home/shoma/ur_ws/install/ur_robot_driver/share/ur_robot_driver/local_setup.dsv
[0.535s] -- Installing: /home/shoma/ur_ws/install/ur_robot_driver/share/ur_robot_driver/package.dsv
[0.535s] -- Up-to-date: /home/shoma/ur_ws/install/ur_robot_driver/share/ament_index/resource_index/packages/ur_robot_driver
[0.536s] -- Up-to-date: /home/shoma/ur_ws/install/ur_robot_driver/share/ament_index/resource_index/hardware_interface__pluginlib__plugin/ur_robot_driver
[0.536s] -- Up-to-date: /home/shoma/ur_ws/install/ur_robot_driver/share/ur_robot_driver/cmake/ament_cmake_export_include_directories-extras.cmake
[0.536s] -- Up-to-date: /home/shoma/ur_ws/install/ur_robot_driver/share/ur_robot_driver/cmake/ament_cmake_export_libraries-extras.cmake
[0.536s] -- Up-to-date: /home/shoma/ur_ws/install/ur_robot_driver/share/ur_robot_driver/cmake/ament_cmake_export_dependencies-extras.cmake
[0.536s] -- Up-to-date: /home/shoma/ur_ws/install/ur_robot_driver/share/ur_robot_driver/cmake/ur_robot_driverConfig.cmake
[0.537s] -- Up-to-date: /home/shoma/ur_ws/install/ur_robot_driver/share/ur_robot_driver/cmake/ur_robot_driverConfig-version.cmake
[0.537s] -- Up-to-date: /home/shoma/ur_ws/install/ur_robot_driver/share/ur_robot_driver/package.xml
[0.537s] Invoked command in '/home/shoma/ur_ws/build/ur_robot_driver' returned '0': CMAKE_PREFIX_PATH=/home/shoma/ur_ws/install/ur_controllers:/home/shoma/ur_ws/install/ur_description:/home/shoma/ur_ws/install/ur_dashboard_msgs:/home/shoma/ur_ws/install/ur:/home/shoma/ur_ws/install/ur_calibration:/home/shoma/ur_ws/install/ur_robot_driver:/home/shoma/ur_ws/install/ur_moveit_config:/home/shoma/ur_ws/install/ur_bringup:/home/shoma/ros2_ws/install/person_msgs:/home/shoma/ros2_ws/install/cpp_parameters:/home/shoma/ros2_ws/install/mypkg:/opt/ros/humble LD_LIBRARY_PATH=/home/shoma/ur_ws/install/ur_controllers/lib:/home/shoma/ur_ws/install/ur_dashboard_msgs/lib:/home/shoma/ur_ws/install/ur_robot_driver/lib:/home/shoma/ros2_ws/install/person_msgs/lib:/usr/lib/x86_64-linux-gnu/gazebo-11/plugins:/opt/ros/humble/opt/rviz_ogre_vendor/lib:/opt/ros/humble/lib/x86_64-linux-gnu:/opt/ros/humble/lib /usr/bin/cmake --install /home/shoma/ur_ws/build/ur_robot_driver
