[0.132s] Invoking command in '/home/shoma/ur_ws/build/ur_robot_driver': AMENT_PREFIX_PATH=/home/shoma/ur_ws/install/ur_controllers:/home/shoma/ur_ws/install/ur_description:/home/shoma/ur_ws/install/ur_dashboard_msgs:${AMENT_PREFIX_PATH} CMAKE_PREFIX_PATH=/home/shoma/ur_ws/install/ur_controllers:/home/shoma/ur_ws/install/ur_description:/home/shoma/ur_ws/install/ur_dashboard_msgs:/home/shoma/ros2_ws/install/person_msgs:/home/shoma/ros2_ws/install/cpp_parameters:/home/shoma/ros2_ws/install/mypkg:/opt/ros/humble LD_LIBRARY_PATH=/home/shoma/ur_ws/install/ur_controllers/lib:/home/shoma/ur_ws/install/ur_dashboard_msgs/lib:${LD_LIBRARY_PATH} PYTHONPATH=/home/shoma/ur_ws/install/ur_dashboard_msgs/local/lib/python3.10/dist-packages:${PYTHONPATH} /usr/bin/cmake /home/shoma/ur_ws/src/Universal_Robots_ROS2_Driver/ur_robot_driver -DCMAKE_INSTALL_PREFIX=/home/shoma/ur_ws/install/ur_robot_driver
[0.142s] -- Found ament_cmake: 1.3.10 (/opt/ros/humble/share/ament_cmake/cmake)
[0.249s] -- Found controller_manager: 2.43.1 (/opt/ros/humble/share/controller_manager/cmake)
[0.388s] -- Found rosidl_generator_c: 3.1.5 (/opt/ros/humble/share/rosidl_generator_c/cmake)
[0.390s] -- Found rosidl_adapter: 3.1.5 (/opt/ros/humble/share/rosidl_adapter/cmake)
[0.396s] -- Found rosidl_generator_cpp: 3.1.5 (/opt/ros/humble/share/rosidl_generator_cpp/cmake)
[0.403s] -- Using all available rosidl_typesupport_c: rosidl_typesupport_fastrtps_c;rosidl_typesupport_introspection_c
[0.413s] -- Using all available rosidl_typesupport_cpp: rosidl_typesupport_fastrtps_cpp;rosidl_typesupport_introspection_cpp
[1.768s] -- Found rmw_implementation_cmake: 6.1.2 (/opt/ros/humble/share/rmw_implementation_cmake/cmake)
[1.769s] -- Found rmw_fastrtps_cpp: 6.2.7 (/opt/ros/humble/share/rmw_fastrtps_cpp/cmake)
[1.783s] -- Found TinyXML2 via Config file: TinyXML2_DIR-NOTFOUND
[1.792s] -- Found TinyXML2 via Config file: TinyXML2_DIR-NOTFOUND
[1.886s] -- Found TinyXML2 via Config file: TinyXML2_DIR-NOTFOUND
[1.893s] -- Found TinyXML2 via Config file: TinyXML2_DIR-NOTFOUND
[1.982s] -- Using RMW implementation 'rmw_fastrtps_cpp' as default
[2.042s] -- Found rclpy: 3.3.14 (/opt/ros/humble/share/rclpy/cmake)
[2.043s] -- Found std_srvs: 4.2.4 (/opt/ros/humble/share/std_srvs/cmake)
[2.050s] -- Found tf2_geometry_msgs: 0.25.8 (/opt/ros/humble/share/tf2_geometry_msgs/cmake)
[2.052s] -- Found eigen3_cmake_module: 0.1.1 (/opt/ros/humble/share/eigen3_cmake_module/cmake)
[2.053s] -- Ensuring Eigen3 include directory is part of orocos-kdl CMake target
[2.095s] -- Found ur_dashboard_msgs: 2.2.15 (/home/shoma/ur_ws/install/ur_dashboard_msgs/share/ur_dashboard_msgs/cmake)
[2.287s] -- Found ur_controllers: 2.2.15 (/home/shoma/ur_ws/install/ur_controllers/share/ur_controllers/cmake)
[2.297s] -- Found parameter_traits: 0.3.8 (/opt/ros/humble/share/parameter_traits/cmake)
[2.336s] -- Found ur_description: 2.1.7 (/home/shoma/ur_ws/install/ur_description/share/ur_description/cmake)
[2.336s] -- Found launch_testing_ament_cmake: 1.0.6 (/opt/ros/humble/share/launch_testing_ament_cmake/cmake)
[2.337s] -- Found python_cmake_module: 0.10.0 (/opt/ros/humble/share/python_cmake_module/cmake)
[2.356s] -- Using PYTHON_EXECUTABLE: /usr/bin/python3
[2.356s] -- Using PYTHON_INCLUDE_DIRS: /usr/include/python3.10
[2.356s] -- Using PYTHON_LIBRARIES: /usr/lib/x86_64-linux-gnu/libpython3.10.so
[2.357s] -- Configuring done
[2.478s] -- Generating done
[2.482s] -- Build files have been written to: /home/shoma/ur_ws/build/ur_robot_driver
[2.495s] Invoked command in '/home/shoma/ur_ws/build/ur_robot_driver' returned '0': AMENT_PREFIX_PATH=/home/shoma/ur_ws/install/ur_controllers:/home/shoma/ur_ws/install/ur_description:/home/shoma/ur_ws/install/ur_dashboard_msgs:${AMENT_PREFIX_PATH} CMAKE_PREFIX_PATH=/home/shoma/ur_ws/install/ur_controllers:/home/shoma/ur_ws/install/ur_description:/home/shoma/ur_ws/install/ur_dashboard_msgs:/home/shoma/ros2_ws/install/person_msgs:/home/shoma/ros2_ws/install/cpp_parameters:/home/shoma/ros2_ws/install/mypkg:/opt/ros/humble LD_LIBRARY_PATH=/home/shoma/ur_ws/install/ur_controllers/lib:/home/shoma/ur_ws/install/ur_dashboard_msgs/lib:${LD_LIBRARY_PATH} PYTHONPATH=/home/shoma/ur_ws/install/ur_dashboard_msgs/local/lib/python3.10/dist-packages:${PYTHONPATH} /usr/bin/cmake /home/shoma/ur_ws/src/Universal_Robots_ROS2_Driver/ur_robot_driver -DCMAKE_INSTALL_PREFIX=/home/shoma/ur_ws/install/ur_robot_driver
[2.497s] Invoking command in '/home/shoma/ur_ws/build/ur_robot_driver': AMENT_PREFIX_PATH=/home/shoma/ur_ws/install/ur_controllers:/home/shoma/ur_ws/install/ur_description:/home/shoma/ur_ws/install/ur_dashboard_msgs:${AMENT_PREFIX_PATH} CMAKE_PREFIX_PATH=/home/shoma/ur_ws/install/ur_controllers:/home/shoma/ur_ws/install/ur_description:/home/shoma/ur_ws/install/ur_dashboard_msgs:/home/shoma/ros2_ws/install/person_msgs:/home/shoma/ros2_ws/install/cpp_parameters:/home/shoma/ros2_ws/install/mypkg:/opt/ros/humble LD_LIBRARY_PATH=/home/shoma/ur_ws/install/ur_controllers/lib:/home/shoma/ur_ws/install/ur_dashboard_msgs/lib:${LD_LIBRARY_PATH} PYTHONPATH=/home/shoma/ur_ws/install/ur_dashboard_msgs/local/lib/python3.10/dist-packages:${PYTHONPATH} /usr/bin/cmake --build /home/shoma/ur_ws/build/ur_robot_driver -- -j16 -l16
[2.541s] [35m[1mConsolidate compiler generated dependencies of target urscript_interface[0m
[2.542s] [35m[1mConsolidate compiler generated dependencies of target ur_ros2_control_node[0m
[2.542s] [35m[1mConsolidate compiler generated dependencies of target controller_stopper_node[0m
[2.542s] [35m[1mConsolidate compiler generated dependencies of target ur_robot_driver_plugin[0m
[2.543s] [35m[1mConsolidate compiler generated dependencies of target dashboard_client[0m
[2.561s] [  0%] Built target ament_cmake_python_copy_ur_robot_driver
[2.566s] [ 13%] Built target urscript_interface
[2.568s] [ 33%] Built target controller_stopper_node
[2.568s] [ 46%] Built target ur_ros2_control_node
[2.569s] [ 73%] Built target dashboard_client
[2.575s] [100%] Built target ur_robot_driver_plugin
[2.751s] running egg_info
[2.752s] writing ur_robot_driver.egg-info/PKG-INFO
[2.752s] writing dependency_links to ur_robot_driver.egg-info/dependency_links.txt
[2.752s] writing top-level names to ur_robot_driver.egg-info/top_level.txt
[2.754s] reading manifest file 'ur_robot_driver.egg-info/SOURCES.txt'
[2.754s] writing manifest file 'ur_robot_driver.egg-info/SOURCES.txt'
[2.780s] [100%] Built target ament_cmake_python_build_ur_robot_driver_egg
[2.792s] Invoked command in '/home/shoma/ur_ws/build/ur_robot_driver' returned '0': AMENT_PREFIX_PATH=/home/shoma/ur_ws/install/ur_controllers:/home/shoma/ur_ws/install/ur_description:/home/shoma/ur_ws/install/ur_dashboard_msgs:${AMENT_PREFIX_PATH} CMAKE_PREFIX_PATH=/home/shoma/ur_ws/install/ur_controllers:/home/shoma/ur_ws/install/ur_description:/home/shoma/ur_ws/install/ur_dashboard_msgs:/home/shoma/ros2_ws/install/person_msgs:/home/shoma/ros2_ws/install/cpp_parameters:/home/shoma/ros2_ws/install/mypkg:/opt/ros/humble LD_LIBRARY_PATH=/home/shoma/ur_ws/install/ur_controllers/lib:/home/shoma/ur_ws/install/ur_dashboard_msgs/lib:${LD_LIBRARY_PATH} PYTHONPATH=/home/shoma/ur_ws/install/ur_dashboard_msgs/local/lib/python3.10/dist-packages:${PYTHONPATH} /usr/bin/cmake --build /home/shoma/ur_ws/build/ur_robot_driver -- -j16 -l16
[2.837s] Invoking command in '/home/shoma/ur_ws/build/ur_robot_driver': AMENT_PREFIX_PATH=/home/shoma/ur_ws/install/ur_controllers:/home/shoma/ur_ws/install/ur_description:/home/shoma/ur_ws/install/ur_dashboard_msgs:${AMENT_PREFIX_PATH} CMAKE_PREFIX_PATH=/home/shoma/ur_ws/install/ur_controllers:/home/shoma/ur_ws/install/ur_description:/home/shoma/ur_ws/install/ur_dashboard_msgs:/home/shoma/ros2_ws/install/person_msgs:/home/shoma/ros2_ws/install/cpp_parameters:/home/shoma/ros2_ws/install/mypkg:/opt/ros/humble LD_LIBRARY_PATH=/home/shoma/ur_ws/install/ur_controllers/lib:/home/shoma/ur_ws/install/ur_dashboard_msgs/lib:${LD_LIBRARY_PATH} PYTHONPATH=/home/shoma/ur_ws/install/ur_dashboard_msgs/local/lib/python3.10/dist-packages:${PYTHONPATH} /usr/bin/cmake --install /home/shoma/ur_ws/build/ur_robot_driver
[2.843s] -- Install configuration: "Release"
[2.843s] -- Up-to-date: /home/shoma/ur_ws/install/ur_robot_driver/share/ur_robot_driver/hardware_interface_plugin.xml
[2.843s] -- Up-to-date: /home/shoma/ur_ws/install/ur_robot_driver/lib/ur_robot_driver/dashboard_client
[2.843s] -- Up-to-date: /home/shoma/ur_ws/install/ur_robot_driver/lib/ur_robot_driver/ur_ros2_control_node
[2.844s] -- Up-to-date: /home/shoma/ur_ws/install/ur_robot_driver/lib/ur_robot_driver/controller_stopper_node
[2.844s] -- Up-to-date: /home/shoma/ur_ws/install/ur_robot_driver/lib/ur_robot_driver/urscript_interface
[2.845s] -- Up-to-date: /home/shoma/ur_ws/install/ur_robot_driver/lib/libur_robot_driver_plugin.so
[2.845s] -- Up-to-date: /home/shoma/ur_ws/install/ur_robot_driver/include
[2.846s] -- Up-to-date: /home/shoma/ur_ws/install/ur_robot_driver/include/ur_robot_driver
[2.846s] -- Up-to-date: /home/shoma/ur_ws/install/ur_robot_driver/include/ur_robot_driver/urcl_log_handler.hpp
[2.846s] -- Up-to-date: /home/shoma/ur_ws/install/ur_robot_driver/include/ur_robot_driver/controller_stopper.hpp
[2.846s] -- Up-to-date: /home/shoma/ur_ws/install/ur_robot_driver/include/ur_robot_driver/dashboard_client_ros.hpp
[2.846s] -- Up-to-date: /home/shoma/ur_ws/install/ur_robot_driver/include/ur_robot_driver/hardware_interface.hpp
[2.846s] -- Up-to-date: /home/shoma/ur_ws/install/ur_robot_driver/share/ur_robot_driver/environment/library_path.sh
[2.846s] -- Installing: /home/shoma/ur_ws/install/ur_robot_driver/share/ur_robot_driver/environment/library_path.dsv
[2.847s] -- Up-to-date: /home/shoma/ur_ws/install/ur_robot_driver/share/ur_robot_driver/resources
[2.847s] -- Up-to-date: /home/shoma/ur_ws/install/ur_robot_driver/share/ur_robot_driver/resources/ros_control.urscript
[2.847s] -- Up-to-date: /home/shoma/ur_ws/install/ur_robot_driver/share/ur_robot_driver/resources/rs485-1.0.urcap
[2.847s] -- Up-to-date: /home/shoma/ur_ws/install/ur_robot_driver/share/ur_robot_driver/resources/rtde_input_recipe.txt
[2.847s] -- Up-to-date: /home/shoma/ur_ws/install/ur_robot_driver/share/ur_robot_driver/resources/rtde_output_recipe.txt
[2.848s] -- Up-to-date: /home/shoma/ur_ws/install/ur_robot_driver/share/ur_robot_driver/resources/externalcontrol-1.0.5.urcap
[2.848s] -- Up-to-date: /home/shoma/ur_ws/install/ur_robot_driver/include
[2.848s] -- Up-to-date: /home/shoma/ur_ws/install/ur_robot_driver/include/ur_robot_driver
[2.848s] -- Up-to-date: /home/shoma/ur_ws/install/ur_robot_driver/include/ur_robot_driver/urcl_log_handler.hpp
[2.848s] -- Up-to-date: /home/shoma/ur_ws/install/ur_robot_driver/include/ur_robot_driver/controller_stopper.hpp
[2.848s] -- Up-to-date: /home/shoma/ur_ws/install/ur_robot_driver/include/ur_robot_driver/dashboard_client_ros.hpp
[2.849s] -- Up-to-date: /home/shoma/ur_ws/install/ur_robot_driver/include/ur_robot_driver/hardware_interface.hpp
[2.849s] -- Up-to-date: /home/shoma/ur_ws/install/ur_robot_driver/share/ur_robot_driver/environment/pythonpath.sh
[2.849s] -- Installing: /home/shoma/ur_ws/install/ur_robot_driver/share/ur_robot_driver/environment/pythonpath.dsv
[2.849s] -- Up-to-date: /home/shoma/ur_ws/install/ur_robot_driver/local/lib/python3.10/dist-packages/ur_robot_driver-2.2.15-py3.10.egg-info
[2.849s] -- Installing: /home/shoma/ur_ws/install/ur_robot_driver/local/lib/python3.10/dist-packages/ur_robot_driver-2.2.15-py3.10.egg-info/PKG-INFO
[2.849s] -- Installing: /home/shoma/ur_ws/install/ur_robot_driver/local/lib/python3.10/dist-packages/ur_robot_driver-2.2.15-py3.10.egg-info/SOURCES.txt
[2.849s] -- Installing: /home/shoma/ur_ws/install/ur_robot_driver/local/lib/python3.10/dist-packages/ur_robot_driver-2.2.15-py3.10.egg-info/dependency_links.txt
[2.849s] -- Installing: /home/shoma/ur_ws/install/ur_robot_driver/local/lib/python3.10/dist-packages/ur_robot_driver-2.2.15-py3.10.egg-info/top_level.txt
[2.849s] -- Up-to-date: /home/shoma/ur_ws/install/ur_robot_driver/local/lib/python3.10/dist-packages/ur_robot_driver
[2.849s] -- Up-to-date: /home/shoma/ur_ws/install/ur_robot_driver/local/lib/python3.10/dist-packages/ur_robot_driver/__init__.py
[2.872s] Listing '/home/shoma/ur_ws/install/ur_robot_driver/local/lib/python3.10/dist-packages/ur_robot_driver'...
[2.876s] -- Up-to-date: /home/shoma/ur_ws/install/ur_robot_driver/lib/ur_robot_driver/tool_communication.py
[2.876s] -- Up-to-date: /home/shoma/ur_ws/install/ur_robot_driver/bin/wait_dashboard_server.sh
[2.876s] -- Up-to-date: /home/shoma/ur_ws/install/ur_robot_driver/lib/ur_robot_driver/start_ursim.sh
[2.877s] -- Up-to-date: /home/shoma/ur_ws/install/ur_robot_driver/share/ur_robot_driver/config
[2.877s] -- Up-to-date: /home/shoma/ur_ws/install/ur_robot_driver/share/ur_robot_driver/config/ur3_update_rate.yaml
[2.877s] -- Up-to-date: /home/shoma/ur_ws/install/ur_robot_driver/share/ur_robot_driver/config/ur_controllers.yaml
[2.877s] -- Up-to-date: /home/shoma/ur_ws/install/ur_robot_driver/share/ur_robot_driver/config/ur3e_update_rate.yaml
[2.878s] -- Up-to-date: /home/shoma/ur_ws/install/ur_robot_driver/share/ur_robot_driver/config/ur5_update_rate.yaml
[2.878s] -- Up-to-date: /home/shoma/ur_ws/install/ur_robot_driver/share/ur_robot_driver/config/ur10e_update_rate.yaml
[2.878s] -- Up-to-date: /home/shoma/ur_ws/install/ur_robot_driver/share/ur_robot_driver/config/ur30_update_rate.yaml
[2.878s] -- Up-to-date: /home/shoma/ur_ws/install/ur_robot_driver/share/ur_robot_driver/config/ur10_update_rate.yaml
[2.878s] -- Up-to-date: /home/shoma/ur_ws/install/ur_robot_driver/share/ur_robot_driver/config/ur16e_update_rate.yaml
[2.878s] -- Up-to-date: /home/shoma/ur_ws/install/ur_robot_driver/share/ur_robot_driver/config/ur5e_update_rate.yaml
[2.879s] -- Up-to-date: /home/shoma/ur_ws/install/ur_robot_driver/share/ur_robot_driver/config/test_velocity_goal_publishers_config.yaml
[2.879s] -- Up-to-date: /home/shoma/ur_ws/install/ur_robot_driver/share/ur_robot_driver/config/test_goal_publishers_config.yaml
[2.879s] -- Up-to-date: /home/shoma/ur_ws/install/ur_robot_driver/share/ur_robot_driver/config/ur20_update_rate.yaml
[2.879s] -- Up-to-date: /home/shoma/ur_ws/install/ur_robot_driver/share/ur_robot_driver/launch
[2.880s] -- Up-to-date: /home/shoma/ur_ws/install/ur_robot_driver/share/ur_robot_driver/launch/ur30.launch.py
[2.880s] -- Up-to-date: /home/shoma/ur_ws/install/ur_robot_driver/share/ur_robot_driver/launch/ur16e.launch.py
[2.880s] -- Up-to-date: /home/shoma/ur_ws/install/ur_robot_driver/share/ur_robot_driver/launch/ur5e.launch.py
[2.880s] -- Up-to-date: /home/shoma/ur_ws/install/ur_robot_driver/share/ur_robot_driver/launch/ur3e.launch.py
[2.880s] -- Up-to-date: /home/shoma/ur_ws/install/ur_robot_driver/share/ur_robot_driver/launch/ur20.launch.py
[2.880s] -- Up-to-date: /home/shoma/ur_ws/install/ur_robot_driver/share/ur_robot_driver/launch/ur_control.launch.py
[2.880s] -- Up-to-date: /home/shoma/ur_ws/install/ur_robot_driver/share/ur_robot_driver/launch/ur10.launch.py
[2.880s] -- Up-to-date: /home/shoma/ur_ws/install/ur_robot_driver/share/ur_robot_driver/launch/test_forward_velocity_controller.launch.py
[2.880s] -- Up-to-date: /home/shoma/ur_ws/install/ur_robot_driver/share/ur_robot_driver/launch/ur10e.launch.py
[2.880s] -- Up-to-date: /home/shoma/ur_ws/install/ur_robot_driver/share/ur_robot_driver/launch/test_joint_trajectory_controller.launch.py
[2.880s] -- Up-to-date: /home/shoma/ur_ws/install/ur_robot_driver/share/ur_robot_driver/launch/ur3.launch.py
[2.880s] -- Up-to-date: /home/shoma/ur_ws/install/ur_robot_driver/share/ur_robot_driver/launch/ur5.launch.py
[2.880s] -- Up-to-date: /home/shoma/ur_ws/install/ur_robot_driver/share/ur_robot_driver/launch/test_scaled_joint_trajectory_controller.launch.py
[2.880s] -- Up-to-date: /home/shoma/ur_ws/install/ur_robot_driver/share/ur_robot_driver/launch/ur_dashboard_client.launch.py
[2.880s] -- Up-to-date: /home/shoma/ur_ws/install/ur_robot_driver/share/ament_index/resource_index/package_run_dependencies/ur_robot_driver
[2.881s] -- Up-to-date: /home/shoma/ur_ws/install/ur_robot_driver/share/ament_index/resource_index/parent_prefix_path/ur_robot_driver
[2.881s] -- Up-to-date: /home/shoma/ur_ws/install/ur_robot_driver/share/ur_robot_driver/environment/ament_prefix_path.sh
[2.881s] -- Installing: /home/shoma/ur_ws/install/ur_robot_driver/share/ur_robot_driver/environment/ament_prefix_path.dsv
[2.881s] -- Up-to-date: /home/shoma/ur_ws/install/ur_robot_driver/share/ur_robot_driver/environment/path.sh
[2.881s] -- Installing: /home/shoma/ur_ws/install/ur_robot_driver/share/ur_robot_driver/environment/path.dsv
[2.881s] -- Up-to-date: /home/shoma/ur_ws/install/ur_robot_driver/share/ur_robot_driver/local_setup.bash
[2.881s] -- Up-to-date: /home/shoma/ur_ws/install/ur_robot_driver/share/ur_robot_driver/local_setup.sh
[2.881s] -- Up-to-date: /home/shoma/ur_ws/install/ur_robot_driver/share/ur_robot_driver/local_setup.zsh
[2.881s] -- Installing: /home/shoma/ur_ws/install/ur_robot_driver/share/ur_robot_driver/local_setup.dsv
[2.881s] -- Installing: /home/shoma/ur_ws/install/ur_robot_driver/share/ur_robot_driver/package.dsv
[2.882s] -- Up-to-date: /home/shoma/ur_ws/install/ur_robot_driver/share/ament_index/resource_index/packages/ur_robot_driver
[2.882s] -- Up-to-date: /home/shoma/ur_ws/install/ur_robot_driver/share/ament_index/resource_index/hardware_interface__pluginlib__plugin/ur_robot_driver
[2.882s] -- Up-to-date: /home/shoma/ur_ws/install/ur_robot_driver/share/ur_robot_driver/cmake/ament_cmake_export_include_directories-extras.cmake
[2.882s] -- Up-to-date: /home/shoma/ur_ws/install/ur_robot_driver/share/ur_robot_driver/cmake/ament_cmake_export_libraries-extras.cmake
[2.882s] -- Up-to-date: /home/shoma/ur_ws/install/ur_robot_driver/share/ur_robot_driver/cmake/ament_cmake_export_dependencies-extras.cmake
[2.882s] -- Up-to-date: /home/shoma/ur_ws/install/ur_robot_driver/share/ur_robot_driver/cmake/ur_robot_driverConfig.cmake
[2.883s] -- Up-to-date: /home/shoma/ur_ws/install/ur_robot_driver/share/ur_robot_driver/cmake/ur_robot_driverConfig-version.cmake
[2.884s] -- Up-to-date: /home/shoma/ur_ws/install/ur_robot_driver/share/ur_robot_driver/package.xml
[2.884s] Invoked command in '/home/shoma/ur_ws/build/ur_robot_driver' returned '0': AMENT_PREFIX_PATH=/home/shoma/ur_ws/install/ur_controllers:/home/shoma/ur_ws/install/ur_description:/home/shoma/ur_ws/install/ur_dashboard_msgs:${AMENT_PREFIX_PATH} CMAKE_PREFIX_PATH=/home/shoma/ur_ws/install/ur_controllers:/home/shoma/ur_ws/install/ur_description:/home/shoma/ur_ws/install/ur_dashboard_msgs:/home/shoma/ros2_ws/install/person_msgs:/home/shoma/ros2_ws/install/cpp_parameters:/home/shoma/ros2_ws/install/mypkg:/opt/ros/humble LD_LIBRARY_PATH=/home/shoma/ur_ws/install/ur_controllers/lib:/home/shoma/ur_ws/install/ur_dashboard_msgs/lib:${LD_LIBRARY_PATH} PYTHONPATH=/home/shoma/ur_ws/install/ur_dashboard_msgs/local/lib/python3.10/dist-packages:${PYTHONPATH} /usr/bin/cmake --install /home/shoma/ur_ws/build/ur_robot_driver
