[0.327s] Invoking command in '/home/shoma/ur_ws/build/ur_calibration': AMENT_PREFIX_PATH=/home/shoma/ur_ws/install/ur_robot_driver:/home/shoma/ur_ws/install/ur_controllers:/home/shoma/ur_ws/install/ur_description:/home/shoma/ur_ws/install/ur_dashboard_msgs:${AMENT_PREFIX_PATH} CMAKE_PREFIX_PATH=/home/shoma/ur_ws/install/ur_robot_driver:/home/shoma/ur_ws/install/ur_controllers:/home/shoma/ur_ws/install/ur_description:/home/shoma/ur_ws/install/ur_dashboard_msgs:/home/shoma/ros2_ws/install/person_msgs:/home/shoma/ros2_ws/install/cpp_parameters:/home/shoma/ros2_ws/install/mypkg:/opt/ros/humble LD_LIBRARY_PATH=/home/shoma/ur_ws/install/ur_robot_driver/lib:/home/shoma/ur_ws/install/ur_controllers/lib:/home/shoma/ur_ws/install/ur_dashboard_msgs/lib:${LD_LIBRARY_PATH} PATH=/home/shoma/ur_ws/install/ur_robot_driver/bin:${PATH} PYTHONPATH=/home/shoma/ur_ws/install/ur_robot_driver/local/lib/python3.10/dist-packages:/home/shoma/ur_ws/install/ur_dashboard_msgs/local/lib/python3.10/dist-packages:${PYTHONPATH} /usr/bin/cmake --build /home/shoma/ur_ws/build/ur_calibration -- -j16 -l16
[0.376s] [ 41%] Built target gmock_main
[0.377s] [ 41%] Built target gmock
[0.377s] [ 66%] Built target calibration
[0.405s] [100%] Built target calibration_test
[0.405s] [100%] Built target calibration_correction
[0.414s] Invoked command in '/home/shoma/ur_ws/build/ur_calibration' returned '0': AMENT_PREFIX_PATH=/home/shoma/ur_ws/install/ur_robot_driver:/home/shoma/ur_ws/install/ur_controllers:/home/shoma/ur_ws/install/ur_description:/home/shoma/ur_ws/install/ur_dashboard_msgs:${AMENT_PREFIX_PATH} CMAKE_PREFIX_PATH=/home/shoma/ur_ws/install/ur_robot_driver:/home/shoma/ur_ws/install/ur_controllers:/home/shoma/ur_ws/install/ur_description:/home/shoma/ur_ws/install/ur_dashboard_msgs:/home/shoma/ros2_ws/install/person_msgs:/home/shoma/ros2_ws/install/cpp_parameters:/home/shoma/ros2_ws/install/mypkg:/opt/ros/humble LD_LIBRARY_PATH=/home/shoma/ur_ws/install/ur_robot_driver/lib:/home/shoma/ur_ws/install/ur_controllers/lib:/home/shoma/ur_ws/install/ur_dashboard_msgs/lib:${LD_LIBRARY_PATH} PATH=/home/shoma/ur_ws/install/ur_robot_driver/bin:${PATH} PYTHONPATH=/home/shoma/ur_ws/install/ur_robot_driver/local/lib/python3.10/dist-packages:/home/shoma/ur_ws/install/ur_dashboard_msgs/local/lib/python3.10/dist-packages:${PYTHONPATH} /usr/bin/cmake --build /home/shoma/ur_ws/build/ur_calibration -- -j16 -l16
[0.446s] Invoking command in '/home/shoma/ur_ws/build/ur_calibration': AMENT_PREFIX_PATH=/home/shoma/ur_ws/install/ur_robot_driver:/home/shoma/ur_ws/install/ur_controllers:/home/shoma/ur_ws/install/ur_description:/home/shoma/ur_ws/install/ur_dashboard_msgs:${AMENT_PREFIX_PATH} CMAKE_PREFIX_PATH=/home/shoma/ur_ws/install/ur_robot_driver:/home/shoma/ur_ws/install/ur_controllers:/home/shoma/ur_ws/install/ur_description:/home/shoma/ur_ws/install/ur_dashboard_msgs:/home/shoma/ros2_ws/install/person_msgs:/home/shoma/ros2_ws/install/cpp_parameters:/home/shoma/ros2_ws/install/mypkg:/opt/ros/humble LD_LIBRARY_PATH=/home/shoma/ur_ws/install/ur_robot_driver/lib:/home/shoma/ur_ws/install/ur_controllers/lib:/home/shoma/ur_ws/install/ur_dashboard_msgs/lib:${LD_LIBRARY_PATH} PATH=/home/shoma/ur_ws/install/ur_robot_driver/bin:${PATH} PYTHONPATH=/home/shoma/ur_ws/install/ur_robot_driver/local/lib/python3.10/dist-packages:/home/shoma/ur_ws/install/ur_dashboard_msgs/local/lib/python3.10/dist-packages:${PYTHONPATH} /usr/bin/cmake --install /home/shoma/ur_ws/build/ur_calibration
[0.452s] -- Install configuration: "Release"
[0.454s] -- Up-to-date: /home/shoma/ur_ws/install/ur_calibration/lib/ur_calibration/calibration_correction
[0.454s] -- Up-to-date: /home/shoma/ur_ws/install/ur_calibration/include
[0.454s] -- Up-to-date: /home/shoma/ur_ws/install/ur_calibration/include/ur_calibration
[0.455s] -- Up-to-date: /home/shoma/ur_ws/install/ur_calibration/include/ur_calibration/calibration.hpp
[0.455s] -- Up-to-date: /home/shoma/ur_ws/install/ur_calibration/include/ur_calibration/calibration_consumer.hpp
[0.455s] -- Up-to-date: /home/shoma/ur_ws/install/ur_calibration/share/ur_calibration/launch
[0.455s] -- Up-to-date: /home/shoma/ur_ws/install/ur_calibration/share/ur_calibration/launch/calibration_correction.launch.py
[0.455s] -- Up-to-date: /home/shoma/ur_ws/install/ur_calibration/share/ament_index/resource_index/package_run_dependencies/ur_calibration
[0.456s] -- Up-to-date: /home/shoma/ur_ws/install/ur_calibration/share/ament_index/resource_index/parent_prefix_path/ur_calibration
[0.456s] -- Up-to-date: /home/shoma/ur_ws/install/ur_calibration/share/ur_calibration/environment/ament_prefix_path.sh
[0.456s] -- Up-to-date: /home/shoma/ur_ws/install/ur_calibration/share/ur_calibration/environment/ament_prefix_path.dsv
[0.456s] -- Up-to-date: /home/shoma/ur_ws/install/ur_calibration/share/ur_calibration/environment/path.sh
[0.456s] -- Up-to-date: /home/shoma/ur_ws/install/ur_calibration/share/ur_calibration/environment/path.dsv
[0.456s] -- Up-to-date: /home/shoma/ur_ws/install/ur_calibration/share/ur_calibration/local_setup.bash
[0.456s] -- Up-to-date: /home/shoma/ur_ws/install/ur_calibration/share/ur_calibration/local_setup.sh
[0.456s] -- Up-to-date: /home/shoma/ur_ws/install/ur_calibration/share/ur_calibration/local_setup.zsh
[0.456s] -- Up-to-date: /home/shoma/ur_ws/install/ur_calibration/share/ur_calibration/local_setup.dsv
[0.456s] -- Installing: /home/shoma/ur_ws/install/ur_calibration/share/ur_calibration/package.dsv
[0.456s] -- Up-to-date: /home/shoma/ur_ws/install/ur_calibration/share/ament_index/resource_index/packages/ur_calibration
[0.457s] -- Up-to-date: /home/shoma/ur_ws/install/ur_calibration/share/ur_calibration/cmake/ament_cmake_export_include_directories-extras.cmake
[0.457s] -- Up-to-date: /home/shoma/ur_ws/install/ur_calibration/share/ur_calibration/cmake/ament_cmake_export_dependencies-extras.cmake
[0.457s] -- Up-to-date: /home/shoma/ur_ws/install/ur_calibration/share/ur_calibration/cmake/ur_calibrationConfig.cmake
[0.457s] -- Up-to-date: /home/shoma/ur_ws/install/ur_calibration/share/ur_calibration/cmake/ur_calibrationConfig-version.cmake
[0.457s] -- Up-to-date: /home/shoma/ur_ws/install/ur_calibration/share/ur_calibration/package.xml
[0.460s] Invoked command in '/home/shoma/ur_ws/build/ur_calibration' returned '0': AMENT_PREFIX_PATH=/home/shoma/ur_ws/install/ur_robot_driver:/home/shoma/ur_ws/install/ur_controllers:/home/shoma/ur_ws/install/ur_description:/home/shoma/ur_ws/install/ur_dashboard_msgs:${AMENT_PREFIX_PATH} CMAKE_PREFIX_PATH=/home/shoma/ur_ws/install/ur_robot_driver:/home/shoma/ur_ws/install/ur_controllers:/home/shoma/ur_ws/install/ur_description:/home/shoma/ur_ws/install/ur_dashboard_msgs:/home/shoma/ros2_ws/install/person_msgs:/home/shoma/ros2_ws/install/cpp_parameters:/home/shoma/ros2_ws/install/mypkg:/opt/ros/humble LD_LIBRARY_PATH=/home/shoma/ur_ws/install/ur_robot_driver/lib:/home/shoma/ur_ws/install/ur_controllers/lib:/home/shoma/ur_ws/install/ur_dashboard_msgs/lib:${LD_LIBRARY_PATH} PATH=/home/shoma/ur_ws/install/ur_robot_driver/bin:${PATH} PYTHONPATH=/home/shoma/ur_ws/install/ur_robot_driver/local/lib/python3.10/dist-packages:/home/shoma/ur_ws/install/ur_dashboard_msgs/local/lib/python3.10/dist-packages:${PYTHONPATH} /usr/bin/cmake --install /home/shoma/ur_ws/build/ur_calibration
