[0.423s] Invoking command in '/home/shoma/ur_ws/build/ur_calibration': AMENT_PREFIX_PATH=/home/shoma/ur_ws/install/ur_robot_driver:/home/shoma/ur_ws/install/ur_controllers:/home/shoma/ur_ws/install/ur_description:/home/shoma/ur_ws/install/ur_dashboard_msgs:${AMENT_PREFIX_PATH} CMAKE_PREFIX_PATH=/home/shoma/ur_ws/install/ur_robot_driver:/home/shoma/ur_ws/install/ur_controllers:/home/shoma/ur_ws/install/ur_description:/home/shoma/ur_ws/install/ur_dashboard_msgs:/home/shoma/ros2_ws/install/person_msgs:/home/shoma/ros2_ws/install/cpp_parameters:/home/shoma/ros2_ws/install/mypkg:/opt/ros/humble LD_LIBRARY_PATH=/home/shoma/ur_ws/install/ur_robot_driver/lib:/home/shoma/ur_ws/install/ur_controllers/lib:/home/shoma/ur_ws/install/ur_dashboard_msgs/lib:${LD_LIBRARY_PATH} PATH=/home/shoma/ur_ws/install/ur_robot_driver/bin:${PATH} PYTHONPATH=/home/shoma/ur_ws/install/ur_robot_driver/local/lib/python3.10/dist-packages:/home/shoma/ur_ws/install/ur_dashboard_msgs/local/lib/python3.10/dist-packages:${PYTHONPATH} /usr/bin/cmake /home/shoma/ur_ws/src/Universal_Robots_ROS2_Driver/ur_calibration -DCMAKE_BUILD_TYPE=Release -DCMAKE_INSTALL_PREFIX=/home/shoma/ur_ws/install/ur_calibration
[0.633s] -- The C compiler identification is GNU 11.4.0
[1.122s] -- The CXX compiler identification is GNU 11.4.0
[1.480s] -- Detecting C compiler ABI info
[1.640s] -- Detecting C compiler ABI info - done
[1.645s] -- Check for working C compiler: /usr/bin/cc - skipped
[1.645s] -- Detecting C compile features
[1.646s] -- Detecting C compile features - done
[1.649s] -- Detecting CXX compiler ABI info
[1.802s] -- Detecting CXX compiler ABI info - done
[1.808s] -- Check for working CXX compiler: /usr/bin/c++ - skipped
[1.808s] -- Detecting CXX compile features
[1.808s] -- Detecting CXX compile features - done
[1.824s] -- Found ament_cmake: 1.3.10 (/opt/ros/humble/share/ament_cmake/cmake)
[1.959s] -- Found Python3: /usr/bin/python3 (found version "3.10.12") found components: Interpreter 
[2.091s] -- Found rclcpp: 16.0.10 (/opt/ros/humble/share/rclcpp/cmake)
[2.271s] -- Found rosidl_generator_c: 3.1.5 (/opt/ros/humble/share/rosidl_generator_c/cmake)
[2.279s] -- Found rosidl_adapter: 3.1.5 (/opt/ros/humble/share/rosidl_adapter/cmake)
[2.292s] -- Found rosidl_generator_cpp: 3.1.5 (/opt/ros/humble/share/rosidl_generator_cpp/cmake)
[2.310s] -- Using all available rosidl_typesupport_c: rosidl_typesupport_fastrtps_c;rosidl_typesupport_introspection_c
[2.330s] -- Using all available rosidl_typesupport_cpp: rosidl_typesupport_fastrtps_cpp;rosidl_typesupport_introspection_cpp
[2.387s] -- Found rmw_implementation_cmake: 6.1.2 (/opt/ros/humble/share/rmw_implementation_cmake/cmake)
[2.391s] -- Found rmw_fastrtps_cpp: 6.2.7 (/opt/ros/humble/share/rmw_fastrtps_cpp/cmake)
[3.942s] -- Found OpenSSL: /usr/lib/x86_64-linux-gnu/libcrypto.so (found version "3.0.2")  
[5.349s] -- Found FastRTPS: /opt/ros/humble/include  
[7.843s] -- Using RMW implementation 'rmw_fastrtps_cpp' as default
[7.855s] -- Looking for pthread.h
[8.007s] -- Looking for pthread.h - found
[8.007s] -- Performing Test CMAKE_HAVE_LIBC_PTHREAD
[8.153s] -- Performing Test CMAKE_HAVE_LIBC_PTHREAD - Success
[8.154s] -- Found Threads: TRUE  
[8.207s] -- Found ur_robot_driver: 2.2.15 (/home/shoma/ur_ws/install/ur_robot_driver/share/ur_robot_driver/cmake)
[9.641s] -- Found eigen3_cmake_module: 0.1.1 (/opt/ros/humble/share/eigen3_cmake_module/cmake)
[9.642s] -- Found Eigen3: TRUE (found version "3.4.0") 
[9.642s] -- Ensuring Eigen3 include directory is part of orocos-kdl CMake target
[9.794s] -- Found ament_cmake_gmock: 1.3.10 (/opt/ros/humble/share/ament_cmake_gmock/cmake)
[9.806s] -- Found gmock sources under '/opt/ros/humble/src/gmock_vendor': C++ tests using 'Google Mock' will be built
[9.815s] -- Found ament_cmake_gtest: 1.3.10 (/opt/ros/humble/share/ament_cmake_gtest/cmake)
[9.817s] -- Found gtest sources under '/opt/ros/humble/src/gtest_vendor': C++ tests using 'Google Test' will be built
[9.890s] -- Configuring done
[10.024s] -- Generating done
[10.027s] -- Build files have been written to: /home/shoma/ur_ws/build/ur_calibration
[10.043s] Invoked command in '/home/shoma/ur_ws/build/ur_calibration' returned '0': AMENT_PREFIX_PATH=/home/shoma/ur_ws/install/ur_robot_driver:/home/shoma/ur_ws/install/ur_controllers:/home/shoma/ur_ws/install/ur_description:/home/shoma/ur_ws/install/ur_dashboard_msgs:${AMENT_PREFIX_PATH} CMAKE_PREFIX_PATH=/home/shoma/ur_ws/install/ur_robot_driver:/home/shoma/ur_ws/install/ur_controllers:/home/shoma/ur_ws/install/ur_description:/home/shoma/ur_ws/install/ur_dashboard_msgs:/home/shoma/ros2_ws/install/person_msgs:/home/shoma/ros2_ws/install/cpp_parameters:/home/shoma/ros2_ws/install/mypkg:/opt/ros/humble LD_LIBRARY_PATH=/home/shoma/ur_ws/install/ur_robot_driver/lib:/home/shoma/ur_ws/install/ur_controllers/lib:/home/shoma/ur_ws/install/ur_dashboard_msgs/lib:${LD_LIBRARY_PATH} PATH=/home/shoma/ur_ws/install/ur_robot_driver/bin:${PATH} PYTHONPATH=/home/shoma/ur_ws/install/ur_robot_driver/local/lib/python3.10/dist-packages:/home/shoma/ur_ws/install/ur_dashboard_msgs/local/lib/python3.10/dist-packages:${PYTHONPATH} /usr/bin/cmake /home/shoma/ur_ws/src/Universal_Robots_ROS2_Driver/ur_calibration -DCMAKE_BUILD_TYPE=Release -DCMAKE_INSTALL_PREFIX=/home/shoma/ur_ws/install/ur_calibration
[10.045s] Invoking command in '/home/shoma/ur_ws/build/ur_calibration': AMENT_PREFIX_PATH=/home/shoma/ur_ws/install/ur_robot_driver:/home/shoma/ur_ws/install/ur_controllers:/home/shoma/ur_ws/install/ur_description:/home/shoma/ur_ws/install/ur_dashboard_msgs:${AMENT_PREFIX_PATH} CMAKE_PREFIX_PATH=/home/shoma/ur_ws/install/ur_robot_driver:/home/shoma/ur_ws/install/ur_controllers:/home/shoma/ur_ws/install/ur_description:/home/shoma/ur_ws/install/ur_dashboard_msgs:/home/shoma/ros2_ws/install/person_msgs:/home/shoma/ros2_ws/install/cpp_parameters:/home/shoma/ros2_ws/install/mypkg:/opt/ros/humble LD_LIBRARY_PATH=/home/shoma/ur_ws/install/ur_robot_driver/lib:/home/shoma/ur_ws/install/ur_controllers/lib:/home/shoma/ur_ws/install/ur_dashboard_msgs/lib:${LD_LIBRARY_PATH} PATH=/home/shoma/ur_ws/install/ur_robot_driver/bin:${PATH} PYTHONPATH=/home/shoma/ur_ws/install/ur_robot_driver/local/lib/python3.10/dist-packages:/home/shoma/ur_ws/install/ur_dashboard_msgs/local/lib/python3.10/dist-packages:${PYTHONPATH} /usr/bin/cmake --build /home/shoma/ur_ws/build/ur_calibration -- -j16 -l16
[10.097s] [ 25%] [32mBuilding CXX object CMakeFiles/calibration.dir/src/calibration_consumer.cpp.o[0m
[10.097s] [ 25%] [32mBuilding CXX object CMakeFiles/calibration.dir/src/calibration.cpp.o[0m
[10.097s] [ 25%] [32mBuilding CXX object gmock/CMakeFiles/gmock_main.dir/src/gmock_main.cc.o[0m
[10.104s] [ 41%] [32mBuilding CXX object gmock/CMakeFiles/gmock.dir/src/gmock-all.cc.o[0m
[10.105s] [ 41%] [32mBuilding CXX object gmock/CMakeFiles/gmock.dir/opt/ros/humble/src/gtest_vendor/src/gtest-all.cc.o[0m
[11.708s] [ 50%] [32m[1mLinking CXX static library libgmock_main.a[0m
[11.760s] [ 50%] Built target gmock_main
[17.585s] [ 58%] [32m[1mLinking CXX static library libgmock.a[0m
[17.626s] [ 58%] Built target gmock
[17.790s] [ 66%] [32m[1mLinking CXX static library libcalibration.a[0m
[17.820s] [ 66%] Built target calibration
[17.840s] [ 75%] [32mBuilding CXX object CMakeFiles/calibration_correction.dir/src/calibration_correction.cpp.o[0m
[17.840s] [ 83%] [32mBuilding CXX object CMakeFiles/calibration_test.dir/test/calibration_test.cpp.o[0m
[22.775s] [ 91%] [32m[1mLinking CXX executable calibration_correction[0m
[23.085s] [ 91%] Built target calibration_correction
[24.001s] [100%] [32m[1mLinking CXX executable calibration_test[0m
[24.275s] [100%] Built target calibration_test
[24.288s] Invoked command in '/home/shoma/ur_ws/build/ur_calibration' returned '0': AMENT_PREFIX_PATH=/home/shoma/ur_ws/install/ur_robot_driver:/home/shoma/ur_ws/install/ur_controllers:/home/shoma/ur_ws/install/ur_description:/home/shoma/ur_ws/install/ur_dashboard_msgs:${AMENT_PREFIX_PATH} CMAKE_PREFIX_PATH=/home/shoma/ur_ws/install/ur_robot_driver:/home/shoma/ur_ws/install/ur_controllers:/home/shoma/ur_ws/install/ur_description:/home/shoma/ur_ws/install/ur_dashboard_msgs:/home/shoma/ros2_ws/install/person_msgs:/home/shoma/ros2_ws/install/cpp_parameters:/home/shoma/ros2_ws/install/mypkg:/opt/ros/humble LD_LIBRARY_PATH=/home/shoma/ur_ws/install/ur_robot_driver/lib:/home/shoma/ur_ws/install/ur_controllers/lib:/home/shoma/ur_ws/install/ur_dashboard_msgs/lib:${LD_LIBRARY_PATH} PATH=/home/shoma/ur_ws/install/ur_robot_driver/bin:${PATH} PYTHONPATH=/home/shoma/ur_ws/install/ur_robot_driver/local/lib/python3.10/dist-packages:/home/shoma/ur_ws/install/ur_dashboard_msgs/local/lib/python3.10/dist-packages:${PYTHONPATH} /usr/bin/cmake --build /home/shoma/ur_ws/build/ur_calibration -- -j16 -l16
[24.323s] Invoking command in '/home/shoma/ur_ws/build/ur_calibration': AMENT_PREFIX_PATH=/home/shoma/ur_ws/install/ur_robot_driver:/home/shoma/ur_ws/install/ur_controllers:/home/shoma/ur_ws/install/ur_description:/home/shoma/ur_ws/install/ur_dashboard_msgs:${AMENT_PREFIX_PATH} CMAKE_PREFIX_PATH=/home/shoma/ur_ws/install/ur_robot_driver:/home/shoma/ur_ws/install/ur_controllers:/home/shoma/ur_ws/install/ur_description:/home/shoma/ur_ws/install/ur_dashboard_msgs:/home/shoma/ros2_ws/install/person_msgs:/home/shoma/ros2_ws/install/cpp_parameters:/home/shoma/ros2_ws/install/mypkg:/opt/ros/humble LD_LIBRARY_PATH=/home/shoma/ur_ws/install/ur_robot_driver/lib:/home/shoma/ur_ws/install/ur_controllers/lib:/home/shoma/ur_ws/install/ur_dashboard_msgs/lib:${LD_LIBRARY_PATH} PATH=/home/shoma/ur_ws/install/ur_robot_driver/bin:${PATH} PYTHONPATH=/home/shoma/ur_ws/install/ur_robot_driver/local/lib/python3.10/dist-packages:/home/shoma/ur_ws/install/ur_dashboard_msgs/local/lib/python3.10/dist-packages:${PYTHONPATH} /usr/bin/cmake --install /home/shoma/ur_ws/build/ur_calibration
[24.329s] -- Install configuration: "Release"
[24.331s] -- Installing: /home/shoma/ur_ws/install/ur_calibration/lib/ur_calibration/calibration_correction
[24.332s] -- Set runtime path of "/home/shoma/ur_ws/install/ur_calibration/lib/ur_calibration/calibration_correction" to ""
[24.332s] -- Installing: /home/shoma/ur_ws/install/ur_calibration/include
[24.332s] -- Installing: /home/shoma/ur_ws/install/ur_calibration/include/ur_calibration
[24.333s] -- Installing: /home/shoma/ur_ws/install/ur_calibration/include/ur_calibration/calibration.hpp
[24.333s] -- Installing: /home/shoma/ur_ws/install/ur_calibration/include/ur_calibration/calibration_consumer.hpp
[24.333s] -- Installing: /home/shoma/ur_ws/install/ur_calibration/share/ur_calibration/launch
[24.334s] -- Installing: /home/shoma/ur_ws/install/ur_calibration/share/ur_calibration/launch/calibration_correction.launch.py
[24.335s] -- Installing: /home/shoma/ur_ws/install/ur_calibration/share/ament_index/resource_index/package_run_dependencies/ur_calibration
[24.335s] -- Installing: /home/shoma/ur_ws/install/ur_calibration/share/ament_index/resource_index/parent_prefix_path/ur_calibration
[24.336s] -- Installing: /home/shoma/ur_ws/install/ur_calibration/share/ur_calibration/environment/ament_prefix_path.sh
[24.336s] -- Installing: /home/shoma/ur_ws/install/ur_calibration/share/ur_calibration/environment/ament_prefix_path.dsv
[24.336s] -- Installing: /home/shoma/ur_ws/install/ur_calibration/share/ur_calibration/environment/path.sh
[24.337s] -- Installing: /home/shoma/ur_ws/install/ur_calibration/share/ur_calibration/environment/path.dsv
[24.337s] -- Installing: /home/shoma/ur_ws/install/ur_calibration/share/ur_calibration/local_setup.bash
[24.337s] -- Installing: /home/shoma/ur_ws/install/ur_calibration/share/ur_calibration/local_setup.sh
[24.337s] -- Installing: /home/shoma/ur_ws/install/ur_calibration/share/ur_calibration/local_setup.zsh
[24.338s] -- Installing: /home/shoma/ur_ws/install/ur_calibration/share/ur_calibration/local_setup.dsv
[24.338s] -- Installing: /home/shoma/ur_ws/install/ur_calibration/share/ur_calibration/package.dsv
[24.338s] -- Installing: /home/shoma/ur_ws/install/ur_calibration/share/ament_index/resource_index/packages/ur_calibration
[24.339s] -- Installing: /home/shoma/ur_ws/install/ur_calibration/share/ur_calibration/cmake/ament_cmake_export_include_directories-extras.cmake
[24.339s] -- Installing: /home/shoma/ur_ws/install/ur_calibration/share/ur_calibration/cmake/ament_cmake_export_dependencies-extras.cmake
[24.339s] -- Installing: /home/shoma/ur_ws/install/ur_calibration/share/ur_calibration/cmake/ur_calibrationConfig.cmake
[24.340s] -- Installing: /home/shoma/ur_ws/install/ur_calibration/share/ur_calibration/cmake/ur_calibrationConfig-version.cmake
[24.340s] -- Installing: /home/shoma/ur_ws/install/ur_calibration/share/ur_calibration/package.xml
[24.342s] Invoked command in '/home/shoma/ur_ws/build/ur_calibration' returned '0': AMENT_PREFIX_PATH=/home/shoma/ur_ws/install/ur_robot_driver:/home/shoma/ur_ws/install/ur_controllers:/home/shoma/ur_ws/install/ur_description:/home/shoma/ur_ws/install/ur_dashboard_msgs:${AMENT_PREFIX_PATH} CMAKE_PREFIX_PATH=/home/shoma/ur_ws/install/ur_robot_driver:/home/shoma/ur_ws/install/ur_controllers:/home/shoma/ur_ws/install/ur_description:/home/shoma/ur_ws/install/ur_dashboard_msgs:/home/shoma/ros2_ws/install/person_msgs:/home/shoma/ros2_ws/install/cpp_parameters:/home/shoma/ros2_ws/install/mypkg:/opt/ros/humble LD_LIBRARY_PATH=/home/shoma/ur_ws/install/ur_robot_driver/lib:/home/shoma/ur_ws/install/ur_controllers/lib:/home/shoma/ur_ws/install/ur_dashboard_msgs/lib:${LD_LIBRARY_PATH} PATH=/home/shoma/ur_ws/install/ur_robot_driver/bin:${PATH} PYTHONPATH=/home/shoma/ur_ws/install/ur_robot_driver/local/lib/python3.10/dist-packages:/home/shoma/ur_ws/install/ur_dashboard_msgs/local/lib/python3.10/dist-packages:${PYTHONPATH} /usr/bin/cmake --install /home/shoma/ur_ws/build/ur_calibration
