[0.089s] Invoking command in '/home/shoma/ur_ws/build/ur_controllers': CMAKE_PREFIX_PATH=/home/shoma/ur_ws/install/ur_dashboard_msgs:/home/shoma/ur_ws/install/ur:/home/shoma/ur_ws/install/ur_calibration:/home/shoma/ur_ws/install/ur_robot_driver:/home/shoma/ur_ws/install/ur_moveit_config:/home/shoma/ur_ws/install/ur_bringup:/home/shoma/ur_ws/install/ur_description:/home/shoma/ur_ws/install/ur_controllers:/home/shoma/ros2_ws/install/person_msgs:/home/shoma/ros2_ws/install/cpp_parameters:/home/shoma/ros2_ws/install/mypkg:/opt/ros/humble LD_LIBRARY_PATH=/home/shoma/ur_ws/install/ur_dashboard_msgs/lib:/home/shoma/ur_ws/install/ur_robot_driver/lib:/home/shoma/ur_ws/install/ur_controllers/lib:/home/shoma/ros2_ws/install/person_msgs/lib:/usr/lib/x86_64-linux-gnu/gazebo-11/plugins:/opt/ros/humble/opt/rviz_ogre_vendor/lib:/opt/ros/humble/lib/x86_64-linux-gnu:/opt/ros/humble/lib /usr/bin/cmake --build /home/shoma/ur_ws/build/ur_controllers -- -j16 -l16
[0.136s] [ 33%] Built target gpio_controller_parameters
[0.136s] [ 33%] Built target scaled_joint_trajectory_controller_parameters
[0.136s] [ 33%] Built target ur_configuration_controller_parameters
[0.136s] [ 44%] Built target speed_scaling_state_broadcaster_parameters
[0.165s] [100%] Built target ur_controllers
[0.174s] Invoked command in '/home/shoma/ur_ws/build/ur_controllers' returned '0': CMAKE_PREFIX_PATH=/home/shoma/ur_ws/install/ur_dashboard_msgs:/home/shoma/ur_ws/install/ur:/home/shoma/ur_ws/install/ur_calibration:/home/shoma/ur_ws/install/ur_robot_driver:/home/shoma/ur_ws/install/ur_moveit_config:/home/shoma/ur_ws/install/ur_bringup:/home/shoma/ur_ws/install/ur_description:/home/shoma/ur_ws/install/ur_controllers:/home/shoma/ros2_ws/install/person_msgs:/home/shoma/ros2_ws/install/cpp_parameters:/home/shoma/ros2_ws/install/mypkg:/opt/ros/humble LD_LIBRARY_PATH=/home/shoma/ur_ws/install/ur_dashboard_msgs/lib:/home/shoma/ur_ws/install/ur_robot_driver/lib:/home/shoma/ur_ws/install/ur_controllers/lib:/home/shoma/ros2_ws/install/person_msgs/lib:/usr/lib/x86_64-linux-gnu/gazebo-11/plugins:/opt/ros/humble/opt/rviz_ogre_vendor/lib:/opt/ros/humble/lib/x86_64-linux-gnu:/opt/ros/humble/lib /usr/bin/cmake --build /home/shoma/ur_ws/build/ur_controllers -- -j16 -l16
[0.209s] Invoking command in '/home/shoma/ur_ws/build/ur_controllers': CMAKE_PREFIX_PATH=/home/shoma/ur_ws/install/ur_dashboard_msgs:/home/shoma/ur_ws/install/ur:/home/shoma/ur_ws/install/ur_calibration:/home/shoma/ur_ws/install/ur_robot_driver:/home/shoma/ur_ws/install/ur_moveit_config:/home/shoma/ur_ws/install/ur_bringup:/home/shoma/ur_ws/install/ur_description:/home/shoma/ur_ws/install/ur_controllers:/home/shoma/ros2_ws/install/person_msgs:/home/shoma/ros2_ws/install/cpp_parameters:/home/shoma/ros2_ws/install/mypkg:/opt/ros/humble LD_LIBRARY_PATH=/home/shoma/ur_ws/install/ur_dashboard_msgs/lib:/home/shoma/ur_ws/install/ur_robot_driver/lib:/home/shoma/ur_ws/install/ur_controllers/lib:/home/shoma/ros2_ws/install/person_msgs/lib:/usr/lib/x86_64-linux-gnu/gazebo-11/plugins:/opt/ros/humble/opt/rviz_ogre_vendor/lib:/opt/ros/humble/lib/x86_64-linux-gnu:/opt/ros/humble/lib /usr/bin/cmake --install /home/shoma/ur_ws/build/ur_controllers
[0.215s] -- Install configuration: "Release"
[0.216s] -- Up-to-date: /home/shoma/ur_ws/install/ur_controllers/include/gpio_controller_parameters
[0.216s] -- Up-to-date: /home/shoma/ur_ws/install/ur_controllers/include/gpio_controller_parameters/gpio_controller_parameters.hpp
[0.216s] -- Up-to-date: /home/shoma/ur_ws/install/ur_controllers/include/speed_scaling_state_broadcaster_parameters
[0.216s] -- Up-to-date: /home/shoma/ur_ws/install/ur_controllers/include/speed_scaling_state_broadcaster_parameters/speed_scaling_state_broadcaster_parameters.hpp
[0.217s] -- Up-to-date: /home/shoma/ur_ws/install/ur_controllers/include/scaled_joint_trajectory_controller_parameters
[0.217s] -- Up-to-date: /home/shoma/ur_ws/install/ur_controllers/include/scaled_joint_trajectory_controller_parameters/scaled_joint_trajectory_controller_parameters.hpp
[0.217s] -- Up-to-date: /home/shoma/ur_ws/install/ur_controllers/include/ur_configuration_controller_parameters
[0.217s] -- Up-to-date: /home/shoma/ur_ws/install/ur_controllers/include/ur_configuration_controller_parameters/ur_configuration_controller_parameters.hpp
[0.218s] -- Up-to-date: /home/shoma/ur_ws/install/ur_controllers/share/ur_controllers/controller_plugins.xml
[0.218s] -- Up-to-date: /home/shoma/ur_ws/install/ur_controllers/lib/libur_controllers.so
[0.218s] -- Up-to-date: /home/shoma/ur_ws/install/ur_controllers/include
[0.218s] -- Up-to-date: /home/shoma/ur_ws/install/ur_controllers/include/ur_controllers
[0.218s] -- Up-to-date: /home/shoma/ur_ws/install/ur_controllers/include/ur_controllers/scaled_joint_trajectory_controller.hpp
[0.219s] -- Up-to-date: /home/shoma/ur_ws/install/ur_controllers/include/ur_controllers/speed_scaling_state_broadcaster.hpp
[0.219s] -- Up-to-date: /home/shoma/ur_ws/install/ur_controllers/include/ur_controllers/ur_configuration_controller.hpp
[0.219s] -- Up-to-date: /home/shoma/ur_ws/install/ur_controllers/include/ur_controllers/gpio_controller.hpp
[0.219s] -- Up-to-date: /home/shoma/ur_ws/install/ur_controllers/share/ur_controllers/controller_plugins.xml
[0.219s] -- Up-to-date: /home/shoma/ur_ws/install/ur_controllers/share/ur_controllers/environment/library_path.sh
[0.220s] -- Up-to-date: /home/shoma/ur_ws/install/ur_controllers/share/ur_controllers/environment/library_path.dsv
[0.220s] -- Up-to-date: /home/shoma/ur_ws/install/ur_controllers/share/ament_index/resource_index/package_run_dependencies/ur_controllers
[0.220s] -- Up-to-date: /home/shoma/ur_ws/install/ur_controllers/share/ament_index/resource_index/parent_prefix_path/ur_controllers
[0.220s] -- Up-to-date: /home/shoma/ur_ws/install/ur_controllers/share/ur_controllers/environment/ament_prefix_path.sh
[0.221s] -- Up-to-date: /home/shoma/ur_ws/install/ur_controllers/share/ur_controllers/environment/ament_prefix_path.dsv
[0.221s] -- Up-to-date: /home/shoma/ur_ws/install/ur_controllers/share/ur_controllers/environment/path.sh
[0.221s] -- Up-to-date: /home/shoma/ur_ws/install/ur_controllers/share/ur_controllers/environment/path.dsv
[0.222s] -- Up-to-date: /home/shoma/ur_ws/install/ur_controllers/share/ur_controllers/local_setup.bash
[0.222s] -- Up-to-date: /home/shoma/ur_ws/install/ur_controllers/share/ur_controllers/local_setup.sh
[0.222s] -- Up-to-date: /home/shoma/ur_ws/install/ur_controllers/share/ur_controllers/local_setup.zsh
[0.223s] -- Up-to-date: /home/shoma/ur_ws/install/ur_controllers/share/ur_controllers/local_setup.dsv
[0.224s] -- Installing: /home/shoma/ur_ws/install/ur_controllers/share/ur_controllers/package.dsv
[0.224s] -- Up-to-date: /home/shoma/ur_ws/install/ur_controllers/share/ament_index/resource_index/packages/ur_controllers
[0.224s] -- Up-to-date: /home/shoma/ur_ws/install/ur_controllers/share/ament_index/resource_index/controller_interface__pluginlib__plugin/ur_controllers
[0.224s] -- Up-to-date: /home/shoma/ur_ws/install/ur_controllers/share/ur_controllers/cmake/ament_cmake_export_dependencies-extras.cmake
[0.224s] -- Up-to-date: /home/shoma/ur_ws/install/ur_controllers/share/ur_controllers/cmake/ament_cmake_export_include_directories-extras.cmake
[0.225s] -- Up-to-date: /home/shoma/ur_ws/install/ur_controllers/share/ur_controllers/cmake/ament_cmake_export_libraries-extras.cmake
[0.225s] -- Up-to-date: /home/shoma/ur_ws/install/ur_controllers/share/ur_controllers/cmake/ur_controllersConfig.cmake
[0.225s] -- Up-to-date: /home/shoma/ur_ws/install/ur_controllers/share/ur_controllers/cmake/ur_controllersConfig-version.cmake
[0.225s] -- Up-to-date: /home/shoma/ur_ws/install/ur_controllers/share/ur_controllers/package.xml
[0.225s] Invoked command in '/home/shoma/ur_ws/build/ur_controllers' returned '0': CMAKE_PREFIX_PATH=/home/shoma/ur_ws/install/ur_dashboard_msgs:/home/shoma/ur_ws/install/ur:/home/shoma/ur_ws/install/ur_calibration:/home/shoma/ur_ws/install/ur_robot_driver:/home/shoma/ur_ws/install/ur_moveit_config:/home/shoma/ur_ws/install/ur_bringup:/home/shoma/ur_ws/install/ur_description:/home/shoma/ur_ws/install/ur_controllers:/home/shoma/ros2_ws/install/person_msgs:/home/shoma/ros2_ws/install/cpp_parameters:/home/shoma/ros2_ws/install/mypkg:/opt/ros/humble LD_LIBRARY_PATH=/home/shoma/ur_ws/install/ur_dashboard_msgs/lib:/home/shoma/ur_ws/install/ur_robot_driver/lib:/home/shoma/ur_ws/install/ur_controllers/lib:/home/shoma/ros2_ws/install/person_msgs/lib:/usr/lib/x86_64-linux-gnu/gazebo-11/plugins:/opt/ros/humble/opt/rviz_ogre_vendor/lib:/opt/ros/humble/lib/x86_64-linux-gnu:/opt/ros/humble/lib /usr/bin/cmake --install /home/shoma/ur_ws/build/ur_controllers
