[0.346s] Invoking command in '/home/shoma/ur_ws/build/ur_calibration': CMAKE_PREFIX_PATH=/home/shoma/ur_ws/install/ur_robot_driver:/home/shoma/ur_ws/install/ur_controllers:/home/shoma/ur_ws/install/ur_description:/home/shoma/ur_ws/install/ur_dashboard_msgs:/home/shoma/ur_ws/install/ur:/home/shoma/ur_ws/install/ur_calibration:/home/shoma/ur_ws/install/ur_moveit_config:/home/shoma/ur_ws/install/ur_bringup:/home/shoma/ros2_ws/install/person_msgs:/home/shoma/ros2_ws/install/cpp_parameters:/home/shoma/ros2_ws/install/mypkg:/opt/ros/humble /usr/bin/cmake --build /home/shoma/ur_ws/build/ur_calibration -- -j16 -l16
[0.396s] [ 33%] Built target gmock_main
[0.396s] [ 41%] Built target gmock
[0.396s] [ 66%] Built target calibration
[0.424s] [100%] Built target calibration_test
[0.424s] [100%] Built target calibration_correction
[0.433s] Invoked command in '/home/shoma/ur_ws/build/ur_calibration' returned '0': CMAKE_PREFIX_PATH=/home/shoma/ur_ws/install/ur_robot_driver:/home/shoma/ur_ws/install/ur_controllers:/home/shoma/ur_ws/install/ur_description:/home/shoma/ur_ws/install/ur_dashboard_msgs:/home/shoma/ur_ws/install/ur:/home/shoma/ur_ws/install/ur_calibration:/home/shoma/ur_ws/install/ur_moveit_config:/home/shoma/ur_ws/install/ur_bringup:/home/shoma/ros2_ws/install/person_msgs:/home/shoma/ros2_ws/install/cpp_parameters:/home/shoma/ros2_ws/install/mypkg:/opt/ros/humble /usr/bin/cmake --build /home/shoma/ur_ws/build/ur_calibration -- -j16 -l16
[0.470s] Invoking command in '/home/shoma/ur_ws/build/ur_calibration': CMAKE_PREFIX_PATH=/home/shoma/ur_ws/install/ur_robot_driver:/home/shoma/ur_ws/install/ur_controllers:/home/shoma/ur_ws/install/ur_description:/home/shoma/ur_ws/install/ur_dashboard_msgs:/home/shoma/ur_ws/install/ur:/home/shoma/ur_ws/install/ur_calibration:/home/shoma/ur_ws/install/ur_moveit_config:/home/shoma/ur_ws/install/ur_bringup:/home/shoma/ros2_ws/install/person_msgs:/home/shoma/ros2_ws/install/cpp_parameters:/home/shoma/ros2_ws/install/mypkg:/opt/ros/humble /usr/bin/cmake --install /home/shoma/ur_ws/build/ur_calibration
[0.477s] -- Install configuration: "Release"
[0.478s] -- Up-to-date: /home/shoma/ur_ws/install/ur_calibration/lib/ur_calibration/calibration_correction
[0.478s] -- Up-to-date: /home/shoma/ur_ws/install/ur_calibration/include
[0.479s] -- Up-to-date: /home/shoma/ur_ws/install/ur_calibration/include/ur_calibration
[0.479s] -- Up-to-date: /home/shoma/ur_ws/install/ur_calibration/include/ur_calibration/calibration.hpp
[0.479s] -- Up-to-date: /home/shoma/ur_ws/install/ur_calibration/include/ur_calibration/calibration_consumer.hpp
[0.479s] -- Up-to-date: /home/shoma/ur_ws/install/ur_calibration/share/ur_calibration/launch
[0.480s] -- Up-to-date: /home/shoma/ur_ws/install/ur_calibration/share/ur_calibration/launch/calibration_correction.launch.py
[0.480s] -- Up-to-date: /home/shoma/ur_ws/install/ur_calibration/share/ament_index/resource_index/package_run_dependencies/ur_calibration
[0.480s] -- Up-to-date: /home/shoma/ur_ws/install/ur_calibration/share/ament_index/resource_index/parent_prefix_path/ur_calibration
[0.480s] -- Up-to-date: /home/shoma/ur_ws/install/ur_calibration/share/ur_calibration/environment/ament_prefix_path.sh
[0.480s] -- Up-to-date: /home/shoma/ur_ws/install/ur_calibration/share/ur_calibration/environment/ament_prefix_path.dsv
[0.480s] -- Up-to-date: /home/shoma/ur_ws/install/ur_calibration/share/ur_calibration/environment/path.sh
[0.481s] -- Up-to-date: /home/shoma/ur_ws/install/ur_calibration/share/ur_calibration/environment/path.dsv
[0.481s] -- Up-to-date: /home/shoma/ur_ws/install/ur_calibration/share/ur_calibration/local_setup.bash
[0.481s] -- Up-to-date: /home/shoma/ur_ws/install/ur_calibration/share/ur_calibration/local_setup.sh
[0.481s] -- Up-to-date: /home/shoma/ur_ws/install/ur_calibration/share/ur_calibration/local_setup.zsh
[0.481s] -- Up-to-date: /home/shoma/ur_ws/install/ur_calibration/share/ur_calibration/local_setup.dsv
[0.482s] -- Installing: /home/shoma/ur_ws/install/ur_calibration/share/ur_calibration/package.dsv
[0.482s] -- Up-to-date: /home/shoma/ur_ws/install/ur_calibration/share/ament_index/resource_index/packages/ur_calibration
[0.482s] -- Up-to-date: /home/shoma/ur_ws/install/ur_calibration/share/ur_calibration/cmake/ament_cmake_export_include_directories-extras.cmake
[0.482s] -- Up-to-date: /home/shoma/ur_ws/install/ur_calibration/share/ur_calibration/cmake/ament_cmake_export_dependencies-extras.cmake
[0.482s] -- Up-to-date: /home/shoma/ur_ws/install/ur_calibration/share/ur_calibration/cmake/ur_calibrationConfig.cmake
[0.482s] -- Up-to-date: /home/shoma/ur_ws/install/ur_calibration/share/ur_calibration/cmake/ur_calibrationConfig-version.cmake
[0.482s] -- Up-to-date: /home/shoma/ur_ws/install/ur_calibration/share/ur_calibration/package.xml
[0.484s] Invoked command in '/home/shoma/ur_ws/build/ur_calibration' returned '0': CMAKE_PREFIX_PATH=/home/shoma/ur_ws/install/ur_robot_driver:/home/shoma/ur_ws/install/ur_controllers:/home/shoma/ur_ws/install/ur_description:/home/shoma/ur_ws/install/ur_dashboard_msgs:/home/shoma/ur_ws/install/ur:/home/shoma/ur_ws/install/ur_calibration:/home/shoma/ur_ws/install/ur_moveit_config:/home/shoma/ur_ws/install/ur_bringup:/home/shoma/ros2_ws/install/person_msgs:/home/shoma/ros2_ws/install/cpp_parameters:/home/shoma/ros2_ws/install/mypkg:/opt/ros/humble /usr/bin/cmake --install /home/shoma/ur_ws/build/ur_calibration
