[0.386s] Invoking command in '/home/shoma/ur_ws/build/ur_calibration': AMENT_PREFIX_PATH=/home/shoma/ur_ws/install/ur_robot_driver:/home/shoma/ur_ws/install/ur_controllers:/home/shoma/ur_ws/install/ur_description:/home/shoma/ur_ws/install/ur_dashboard_msgs:${AMENT_PREFIX_PATH} CMAKE_PREFIX_PATH=/home/shoma/ur_ws/install/ur_robot_driver:/home/shoma/ur_ws/install/ur_controllers:/home/shoma/ur_ws/install/ur_description:/home/shoma/ur_ws/install/ur_dashboard_msgs:/home/shoma/ros2_ws/install/person_msgs:/home/shoma/ros2_ws/install/cpp_parameters:/home/shoma/ros2_ws/install/mypkg:/opt/ros/humble LD_LIBRARY_PATH=/home/shoma/ur_ws/install/ur_robot_driver/lib:/home/shoma/ur_ws/install/ur_controllers/lib:/home/shoma/ur_ws/install/ur_dashboard_msgs/lib:${LD_LIBRARY_PATH} PATH=/home/shoma/ur_ws/install/ur_robot_driver/bin:${PATH} PYTHONPATH=/home/shoma/ur_ws/install/ur_robot_driver/local/lib/python3.10/dist-packages:/home/shoma/ur_ws/install/ur_dashboard_msgs/local/lib/python3.10/dist-packages:${PYTHONPATH} /usr/bin/cmake /home/shoma/ur_ws/src/Universal_Robots_ROS2_Driver/ur_calibration -DCMAKE_INSTALL_PREFIX=/home/shoma/ur_ws/install/ur_calibration
[0.396s] -- Found ament_cmake: 1.3.10 (/opt/ros/humble/share/ament_cmake/cmake)
[0.497s] -- Found rclcpp: 16.0.10 (/opt/ros/humble/share/rclcpp/cmake)
[0.632s] -- Found rosidl_generator_c: 3.1.5 (/opt/ros/humble/share/rosidl_generator_c/cmake)
[0.633s] -- Found rosidl_adapter: 3.1.5 (/opt/ros/humble/share/rosidl_adapter/cmake)
[0.638s] -- Found rosidl_generator_cpp: 3.1.5 (/opt/ros/humble/share/rosidl_generator_cpp/cmake)
[0.645s] -- Using all available rosidl_typesupport_c: rosidl_typesupport_fastrtps_c;rosidl_typesupport_introspection_c
[0.655s] -- Using all available rosidl_typesupport_cpp: rosidl_typesupport_fastrtps_cpp;rosidl_typesupport_introspection_cpp
[0.679s] -- Found rmw_implementation_cmake: 6.1.2 (/opt/ros/humble/share/rmw_implementation_cmake/cmake)
[0.680s] -- Found rmw_fastrtps_cpp: 6.2.7 (/opt/ros/humble/share/rmw_fastrtps_cpp/cmake)
[5.860s] -- Using RMW implementation 'rmw_fastrtps_cpp' as default
[5.898s] -- Found ur_robot_driver: 2.2.15 (/home/shoma/ur_ws/install/ur_robot_driver/share/ur_robot_driver/cmake)
[7.148s] -- Found eigen3_cmake_module: 0.1.1 (/opt/ros/humble/share/eigen3_cmake_module/cmake)
[7.149s] -- Ensuring Eigen3 include directory is part of orocos-kdl CMake target
[7.253s] -- Found ament_cmake_gmock: 1.3.10 (/opt/ros/humble/share/ament_cmake_gmock/cmake)
[7.254s] -- Found gmock sources under '/opt/ros/humble/src/gmock_vendor': C++ tests using 'Google Mock' will be built
[7.256s] -- Found ament_cmake_gtest: 1.3.10 (/opt/ros/humble/share/ament_cmake_gtest/cmake)
[7.256s] -- Found gtest sources under '/opt/ros/humble/src/gtest_vendor': C++ tests using 'Google Test' will be built
[7.314s] -- Configuring done
[7.405s] -- Generating done
[7.409s] -- Build files have been written to: /home/shoma/ur_ws/build/ur_calibration
[7.420s] Invoked command in '/home/shoma/ur_ws/build/ur_calibration' returned '0': AMENT_PREFIX_PATH=/home/shoma/ur_ws/install/ur_robot_driver:/home/shoma/ur_ws/install/ur_controllers:/home/shoma/ur_ws/install/ur_description:/home/shoma/ur_ws/install/ur_dashboard_msgs:${AMENT_PREFIX_PATH} CMAKE_PREFIX_PATH=/home/shoma/ur_ws/install/ur_robot_driver:/home/shoma/ur_ws/install/ur_controllers:/home/shoma/ur_ws/install/ur_description:/home/shoma/ur_ws/install/ur_dashboard_msgs:/home/shoma/ros2_ws/install/person_msgs:/home/shoma/ros2_ws/install/cpp_parameters:/home/shoma/ros2_ws/install/mypkg:/opt/ros/humble LD_LIBRARY_PATH=/home/shoma/ur_ws/install/ur_robot_driver/lib:/home/shoma/ur_ws/install/ur_controllers/lib:/home/shoma/ur_ws/install/ur_dashboard_msgs/lib:${LD_LIBRARY_PATH} PATH=/home/shoma/ur_ws/install/ur_robot_driver/bin:${PATH} PYTHONPATH=/home/shoma/ur_ws/install/ur_robot_driver/local/lib/python3.10/dist-packages:/home/shoma/ur_ws/install/ur_dashboard_msgs/local/lib/python3.10/dist-packages:${PYTHONPATH} /usr/bin/cmake /home/shoma/ur_ws/src/Universal_Robots_ROS2_Driver/ur_calibration -DCMAKE_INSTALL_PREFIX=/home/shoma/ur_ws/install/ur_calibration
[7.422s] Invoking command in '/home/shoma/ur_ws/build/ur_calibration': AMENT_PREFIX_PATH=/home/shoma/ur_ws/install/ur_robot_driver:/home/shoma/ur_ws/install/ur_controllers:/home/shoma/ur_ws/install/ur_description:/home/shoma/ur_ws/install/ur_dashboard_msgs:${AMENT_PREFIX_PATH} CMAKE_PREFIX_PATH=/home/shoma/ur_ws/install/ur_robot_driver:/home/shoma/ur_ws/install/ur_controllers:/home/shoma/ur_ws/install/ur_description:/home/shoma/ur_ws/install/ur_dashboard_msgs:/home/shoma/ros2_ws/install/person_msgs:/home/shoma/ros2_ws/install/cpp_parameters:/home/shoma/ros2_ws/install/mypkg:/opt/ros/humble LD_LIBRARY_PATH=/home/shoma/ur_ws/install/ur_robot_driver/lib:/home/shoma/ur_ws/install/ur_controllers/lib:/home/shoma/ur_ws/install/ur_dashboard_msgs/lib:${LD_LIBRARY_PATH} PATH=/home/shoma/ur_ws/install/ur_robot_driver/bin:${PATH} PYTHONPATH=/home/shoma/ur_ws/install/ur_robot_driver/local/lib/python3.10/dist-packages:/home/shoma/ur_ws/install/ur_dashboard_msgs/local/lib/python3.10/dist-packages:${PYTHONPATH} /usr/bin/cmake --build /home/shoma/ur_ws/build/ur_calibration -- -j16 -l16
[7.460s] [35m[1mConsolidate compiler generated dependencies of target gmock_main[0m
[7.460s] [35m[1mConsolidate compiler generated dependencies of target gmock[0m
[7.461s] [35m[1mConsolidate compiler generated dependencies of target calibration[0m
[7.474s] [ 16%] Built target gmock_main
[7.475s] [ 41%] Built target gmock
[7.484s] [ 66%] Built target calibration
[7.496s] [35m[1mConsolidate compiler generated dependencies of target calibration_test[0m
[7.496s] [35m[1mConsolidate compiler generated dependencies of target calibration_correction[0m
[7.518s] [100%] Built target calibration_correction
[7.518s] [100%] Built target calibration_test
[7.528s] Invoked command in '/home/shoma/ur_ws/build/ur_calibration' returned '0': AMENT_PREFIX_PATH=/home/shoma/ur_ws/install/ur_robot_driver:/home/shoma/ur_ws/install/ur_controllers:/home/shoma/ur_ws/install/ur_description:/home/shoma/ur_ws/install/ur_dashboard_msgs:${AMENT_PREFIX_PATH} CMAKE_PREFIX_PATH=/home/shoma/ur_ws/install/ur_robot_driver:/home/shoma/ur_ws/install/ur_controllers:/home/shoma/ur_ws/install/ur_description:/home/shoma/ur_ws/install/ur_dashboard_msgs:/home/shoma/ros2_ws/install/person_msgs:/home/shoma/ros2_ws/install/cpp_parameters:/home/shoma/ros2_ws/install/mypkg:/opt/ros/humble LD_LIBRARY_PATH=/home/shoma/ur_ws/install/ur_robot_driver/lib:/home/shoma/ur_ws/install/ur_controllers/lib:/home/shoma/ur_ws/install/ur_dashboard_msgs/lib:${LD_LIBRARY_PATH} PATH=/home/shoma/ur_ws/install/ur_robot_driver/bin:${PATH} PYTHONPATH=/home/shoma/ur_ws/install/ur_robot_driver/local/lib/python3.10/dist-packages:/home/shoma/ur_ws/install/ur_dashboard_msgs/local/lib/python3.10/dist-packages:${PYTHONPATH} /usr/bin/cmake --build /home/shoma/ur_ws/build/ur_calibration -- -j16 -l16
[7.564s] Invoking command in '/home/shoma/ur_ws/build/ur_calibration': AMENT_PREFIX_PATH=/home/shoma/ur_ws/install/ur_robot_driver:/home/shoma/ur_ws/install/ur_controllers:/home/shoma/ur_ws/install/ur_description:/home/shoma/ur_ws/install/ur_dashboard_msgs:${AMENT_PREFIX_PATH} CMAKE_PREFIX_PATH=/home/shoma/ur_ws/install/ur_robot_driver:/home/shoma/ur_ws/install/ur_controllers:/home/shoma/ur_ws/install/ur_description:/home/shoma/ur_ws/install/ur_dashboard_msgs:/home/shoma/ros2_ws/install/person_msgs:/home/shoma/ros2_ws/install/cpp_parameters:/home/shoma/ros2_ws/install/mypkg:/opt/ros/humble LD_LIBRARY_PATH=/home/shoma/ur_ws/install/ur_robot_driver/lib:/home/shoma/ur_ws/install/ur_controllers/lib:/home/shoma/ur_ws/install/ur_dashboard_msgs/lib:${LD_LIBRARY_PATH} PATH=/home/shoma/ur_ws/install/ur_robot_driver/bin:${PATH} PYTHONPATH=/home/shoma/ur_ws/install/ur_robot_driver/local/lib/python3.10/dist-packages:/home/shoma/ur_ws/install/ur_dashboard_msgs/local/lib/python3.10/dist-packages:${PYTHONPATH} /usr/bin/cmake --install /home/shoma/ur_ws/build/ur_calibration
[7.570s] -- Install configuration: "Release"
[7.571s] -- Up-to-date: /home/shoma/ur_ws/install/ur_calibration/lib/ur_calibration/calibration_correction
[7.571s] -- Up-to-date: /home/shoma/ur_ws/install/ur_calibration/include
[7.571s] -- Up-to-date: /home/shoma/ur_ws/install/ur_calibration/include/ur_calibration
[7.572s] -- Up-to-date: /home/shoma/ur_ws/install/ur_calibration/include/ur_calibration/calibration.hpp
[7.572s] -- Up-to-date: /home/shoma/ur_ws/install/ur_calibration/include/ur_calibration/calibration_consumer.hpp
[7.572s] -- Up-to-date: /home/shoma/ur_ws/install/ur_calibration/share/ur_calibration/launch
[7.572s] -- Up-to-date: /home/shoma/ur_ws/install/ur_calibration/share/ur_calibration/launch/calibration_correction.launch.py
[7.572s] -- Up-to-date: /home/shoma/ur_ws/install/ur_calibration/share/ament_index/resource_index/package_run_dependencies/ur_calibration
[7.573s] -- Up-to-date: /home/shoma/ur_ws/install/ur_calibration/share/ament_index/resource_index/parent_prefix_path/ur_calibration
[7.573s] -- Up-to-date: /home/shoma/ur_ws/install/ur_calibration/share/ur_calibration/environment/ament_prefix_path.sh
[7.573s] -- Installing: /home/shoma/ur_ws/install/ur_calibration/share/ur_calibration/environment/ament_prefix_path.dsv
[7.573s] -- Up-to-date: /home/shoma/ur_ws/install/ur_calibration/share/ur_calibration/environment/path.sh
[7.573s] -- Installing: /home/shoma/ur_ws/install/ur_calibration/share/ur_calibration/environment/path.dsv
[7.573s] -- Up-to-date: /home/shoma/ur_ws/install/ur_calibration/share/ur_calibration/local_setup.bash
[7.573s] -- Up-to-date: /home/shoma/ur_ws/install/ur_calibration/share/ur_calibration/local_setup.sh
[7.574s] -- Up-to-date: /home/shoma/ur_ws/install/ur_calibration/share/ur_calibration/local_setup.zsh
[7.574s] -- Installing: /home/shoma/ur_ws/install/ur_calibration/share/ur_calibration/local_setup.dsv
[7.574s] -- Installing: /home/shoma/ur_ws/install/ur_calibration/share/ur_calibration/package.dsv
[7.574s] -- Up-to-date: /home/shoma/ur_ws/install/ur_calibration/share/ament_index/resource_index/packages/ur_calibration
[7.574s] -- Up-to-date: /home/shoma/ur_ws/install/ur_calibration/share/ur_calibration/cmake/ament_cmake_export_include_directories-extras.cmake
[7.574s] -- Up-to-date: /home/shoma/ur_ws/install/ur_calibration/share/ur_calibration/cmake/ament_cmake_export_dependencies-extras.cmake
[7.574s] -- Up-to-date: /home/shoma/ur_ws/install/ur_calibration/share/ur_calibration/cmake/ur_calibrationConfig.cmake
[7.574s] -- Up-to-date: /home/shoma/ur_ws/install/ur_calibration/share/ur_calibration/cmake/ur_calibrationConfig-version.cmake
[7.574s] -- Up-to-date: /home/shoma/ur_ws/install/ur_calibration/share/ur_calibration/package.xml
[7.575s] Invoked command in '/home/shoma/ur_ws/build/ur_calibration' returned '0': AMENT_PREFIX_PATH=/home/shoma/ur_ws/install/ur_robot_driver:/home/shoma/ur_ws/install/ur_controllers:/home/shoma/ur_ws/install/ur_description:/home/shoma/ur_ws/install/ur_dashboard_msgs:${AMENT_PREFIX_PATH} CMAKE_PREFIX_PATH=/home/shoma/ur_ws/install/ur_robot_driver:/home/shoma/ur_ws/install/ur_controllers:/home/shoma/ur_ws/install/ur_description:/home/shoma/ur_ws/install/ur_dashboard_msgs:/home/shoma/ros2_ws/install/person_msgs:/home/shoma/ros2_ws/install/cpp_parameters:/home/shoma/ros2_ws/install/mypkg:/opt/ros/humble LD_LIBRARY_PATH=/home/shoma/ur_ws/install/ur_robot_driver/lib:/home/shoma/ur_ws/install/ur_controllers/lib:/home/shoma/ur_ws/install/ur_dashboard_msgs/lib:${LD_LIBRARY_PATH} PATH=/home/shoma/ur_ws/install/ur_robot_driver/bin:${PATH} PYTHONPATH=/home/shoma/ur_ws/install/ur_robot_driver/local/lib/python3.10/dist-packages:/home/shoma/ur_ws/install/ur_dashboard_msgs/local/lib/python3.10/dist-packages:${PYTHONPATH} /usr/bin/cmake --install /home/shoma/ur_ws/build/ur_calibration
