[0.058s] Invoking command in '/home/shoma/ur_ws/build/ur_moveit_config': AMENT_PREFIX_PATH=/home/shoma/ur_ws/install/ur_description:${AMENT_PREFIX_PATH} CMAKE_PREFIX_PATH=/home/shoma/ur_ws/install/ur_description:/home/shoma/ros2_ws/install/person_msgs:/home/shoma/ros2_ws/install/cpp_parameters:/home/shoma/ros2_ws/install/mypkg:/opt/ros/humble /usr/bin/cmake /home/shoma/ur_ws/src/Universal_Robots_ROS2_Driver/ur_moveit_config -DCMAKE_INSTALL_PREFIX=/home/shoma/ur_ws/install/ur_moveit_config
[0.069s] -- Found ament_cmake: 1.3.10 (/opt/ros/humble/share/ament_cmake/cmake)
[0.326s] -- Configuring done
[0.332s] -- Generating done
[0.334s] -- Build files have been written to: /home/shoma/ur_ws/build/ur_moveit_config
[0.337s] Invoked command in '/home/shoma/ur_ws/build/ur_moveit_config' returned '0': AMENT_PREFIX_PATH=/home/shoma/ur_ws/install/ur_description:${AMENT_PREFIX_PATH} CMAKE_PREFIX_PATH=/home/shoma/ur_ws/install/ur_description:/home/shoma/ros2_ws/install/person_msgs:/home/shoma/ros2_ws/install/cpp_parameters:/home/shoma/ros2_ws/install/mypkg:/opt/ros/humble /usr/bin/cmake /home/shoma/ur_ws/src/Universal_Robots_ROS2_Driver/ur_moveit_config -DCMAKE_INSTALL_PREFIX=/home/shoma/ur_ws/install/ur_moveit_config
[0.339s] Invoking command in '/home/shoma/ur_ws/build/ur_moveit_config': AMENT_PREFIX_PATH=/home/shoma/ur_ws/install/ur_description:${AMENT_PREFIX_PATH} CMAKE_PREFIX_PATH=/home/shoma/ur_ws/install/ur_description:/home/shoma/ros2_ws/install/person_msgs:/home/shoma/ros2_ws/install/cpp_parameters:/home/shoma/ros2_ws/install/mypkg:/opt/ros/humble /usr/bin/cmake --build /home/shoma/ur_ws/build/ur_moveit_config -- -j16 -l16
[0.396s] Built target ament_cmake_python_copy_ur_moveit_config
[0.634s] running egg_info
[0.635s] writing ur_moveit_config.egg-info/PKG-INFO
[0.635s] writing dependency_links to ur_moveit_config.egg-info/dependency_links.txt
[0.635s] writing top-level names to ur_moveit_config.egg-info/top_level.txt
[0.637s] reading manifest file 'ur_moveit_config.egg-info/SOURCES.txt'
[0.638s] writing manifest file 'ur_moveit_config.egg-info/SOURCES.txt'
[0.671s] Built target ament_cmake_python_build_ur_moveit_config_egg
[0.684s] Invoked command in '/home/shoma/ur_ws/build/ur_moveit_config' returned '0': AMENT_PREFIX_PATH=/home/shoma/ur_ws/install/ur_description:${AMENT_PREFIX_PATH} CMAKE_PREFIX_PATH=/home/shoma/ur_ws/install/ur_description:/home/shoma/ros2_ws/install/person_msgs:/home/shoma/ros2_ws/install/cpp_parameters:/home/shoma/ros2_ws/install/mypkg:/opt/ros/humble /usr/bin/cmake --build /home/shoma/ur_ws/build/ur_moveit_config -- -j16 -l16
[0.709s] Invoking command in '/home/shoma/ur_ws/build/ur_moveit_config': AMENT_PREFIX_PATH=/home/shoma/ur_ws/install/ur_description:${AMENT_PREFIX_PATH} CMAKE_PREFIX_PATH=/home/shoma/ur_ws/install/ur_description:/home/shoma/ros2_ws/install/person_msgs:/home/shoma/ros2_ws/install/cpp_parameters:/home/shoma/ros2_ws/install/mypkg:/opt/ros/humble /usr/bin/cmake --install /home/shoma/ur_ws/build/ur_moveit_config
[0.716s] -- Install configuration: "Release"
[0.716s] -- Up-to-date: /home/shoma/ur_ws/install/ur_moveit_config/share/ur_moveit_config/config
[0.716s] -- Installing: /home/shoma/ur_ws/install/ur_moveit_config/share/ur_moveit_config/config/controllers.yaml
[0.716s] -- Up-to-date: /home/shoma/ur_ws/install/ur_moveit_config/share/ur_moveit_config/config/ur_servo.yaml
[0.716s] -- Up-to-date: /home/shoma/ur_ws/install/ur_moveit_config/share/ur_moveit_config/config/kinematics.yaml
[0.717s] -- Up-to-date: /home/shoma/ur_ws/install/ur_moveit_config/share/ur_moveit_config/config/joint_limits.yaml
[0.717s] -- Up-to-date: /home/shoma/ur_ws/install/ur_moveit_config/share/ur_moveit_config/config/ompl_planning.yaml
[0.717s] -- Up-to-date: /home/shoma/ur_ws/install/ur_moveit_config/share/ur_moveit_config/launch
[0.718s] -- Up-to-date: /home/shoma/ur_ws/install/ur_moveit_config/share/ur_moveit_config/launch/ur_moveit.launch.py
[0.718s] -- Up-to-date: /home/shoma/ur_ws/install/ur_moveit_config/share/ur_moveit_config/rviz
[0.718s] -- Up-to-date: /home/shoma/ur_ws/install/ur_moveit_config/share/ur_moveit_config/rviz/view_robot.rviz
[0.718s] -- Up-to-date: /home/shoma/ur_ws/install/ur_moveit_config/share/ur_moveit_config/srdf
[0.718s] -- Up-to-date: /home/shoma/ur_ws/install/ur_moveit_config/share/ur_moveit_config/srdf/ur.srdf.xacro
[0.718s] -- Up-to-date: /home/shoma/ur_ws/install/ur_moveit_config/share/ur_moveit_config/srdf/ur_macro.srdf.xacro
[0.719s] -- Up-to-date: /home/shoma/ur_ws/install/ur_moveit_config/share/ur_moveit_config/environment/pythonpath.sh
[0.719s] -- Installing: /home/shoma/ur_ws/install/ur_moveit_config/share/ur_moveit_config/environment/pythonpath.dsv
[0.719s] -- Up-to-date: /home/shoma/ur_ws/install/ur_moveit_config/local/lib/python3.10/dist-packages/ur_moveit_config-2.2.15-py3.10.egg-info
[0.719s] -- Installing: /home/shoma/ur_ws/install/ur_moveit_config/local/lib/python3.10/dist-packages/ur_moveit_config-2.2.15-py3.10.egg-info/PKG-INFO
[0.719s] -- Installing: /home/shoma/ur_ws/install/ur_moveit_config/local/lib/python3.10/dist-packages/ur_moveit_config-2.2.15-py3.10.egg-info/SOURCES.txt
[0.719s] -- Installing: /home/shoma/ur_ws/install/ur_moveit_config/local/lib/python3.10/dist-packages/ur_moveit_config-2.2.15-py3.10.egg-info/dependency_links.txt
[0.720s] -- Installing: /home/shoma/ur_ws/install/ur_moveit_config/local/lib/python3.10/dist-packages/ur_moveit_config-2.2.15-py3.10.egg-info/top_level.txt
[0.720s] -- Up-to-date: /home/shoma/ur_ws/install/ur_moveit_config/local/lib/python3.10/dist-packages/ur_moveit_config
[0.720s] -- Up-to-date: /home/shoma/ur_ws/install/ur_moveit_config/local/lib/python3.10/dist-packages/ur_moveit_config/__init__.py
[0.720s] -- Up-to-date: /home/shoma/ur_ws/install/ur_moveit_config/local/lib/python3.10/dist-packages/ur_moveit_config/launch_common.py
[0.745s] Listing '/home/shoma/ur_ws/install/ur_moveit_config/local/lib/python3.10/dist-packages/ur_moveit_config'...
[0.749s] -- Up-to-date: /home/shoma/ur_ws/install/ur_moveit_config/local/lib/python3.10/dist-packages/launch_common.py
[0.780s] -- Up-to-date: /home/shoma/ur_ws/install/ur_moveit_config/share/ament_index/resource_index/package_run_dependencies/ur_moveit_config
[0.780s] -- Up-to-date: /home/shoma/ur_ws/install/ur_moveit_config/share/ament_index/resource_index/parent_prefix_path/ur_moveit_config
[0.780s] -- Up-to-date: /home/shoma/ur_ws/install/ur_moveit_config/share/ur_moveit_config/environment/ament_prefix_path.sh
[0.780s] -- Installing: /home/shoma/ur_ws/install/ur_moveit_config/share/ur_moveit_config/environment/ament_prefix_path.dsv
[0.781s] -- Up-to-date: /home/shoma/ur_ws/install/ur_moveit_config/share/ur_moveit_config/environment/path.sh
[0.781s] -- Installing: /home/shoma/ur_ws/install/ur_moveit_config/share/ur_moveit_config/environment/path.dsv
[0.782s] -- Up-to-date: /home/shoma/ur_ws/install/ur_moveit_config/share/ur_moveit_config/local_setup.bash
[0.782s] -- Up-to-date: /home/shoma/ur_ws/install/ur_moveit_config/share/ur_moveit_config/local_setup.sh
[0.782s] -- Up-to-date: /home/shoma/ur_ws/install/ur_moveit_config/share/ur_moveit_config/local_setup.zsh
[0.782s] -- Installing: /home/shoma/ur_ws/install/ur_moveit_config/share/ur_moveit_config/local_setup.dsv
[0.782s] -- Installing: /home/shoma/ur_ws/install/ur_moveit_config/share/ur_moveit_config/package.dsv
[0.782s] -- Up-to-date: /home/shoma/ur_ws/install/ur_moveit_config/share/ament_index/resource_index/packages/ur_moveit_config
[0.782s] -- Up-to-date: /home/shoma/ur_ws/install/ur_moveit_config/share/ur_moveit_config/cmake/ur_moveit_configConfig.cmake
[0.782s] -- Up-to-date: /home/shoma/ur_ws/install/ur_moveit_config/share/ur_moveit_config/cmake/ur_moveit_configConfig-version.cmake
[0.782s] -- Up-to-date: /home/shoma/ur_ws/install/ur_moveit_config/share/ur_moveit_config/package.xml
[0.784s] Invoked command in '/home/shoma/ur_ws/build/ur_moveit_config' returned '0': AMENT_PREFIX_PATH=/home/shoma/ur_ws/install/ur_description:${AMENT_PREFIX_PATH} CMAKE_PREFIX_PATH=/home/shoma/ur_ws/install/ur_description:/home/shoma/ros2_ws/install/person_msgs:/home/shoma/ros2_ws/install/cpp_parameters:/home/shoma/ros2_ws/install/mypkg:/opt/ros/humble /usr/bin/cmake --install /home/shoma/ur_ws/build/ur_moveit_config
